2025-09-20 00:35:22 [PicGo WARN] C:\Users\wingxu\Desktop\myCodes\HaoyeBlog\posts\%path does not exist. 
2025-09-20 00:35:23 [PicGo ERROR] 
------Error Stack Begin------
Error: image not found in clipboard
    at Mt.upload (C:\Users\wingxu\AppData\Roaming\npm\node_modules\picgo\dist\index.cjs.js:1:74799)
    at process.processTicksAndRejections (node:internal/process/task_queues:95:5)
    at async C:\Users\wingxu\AppData\Roaming\npm\node_modules\picgo\dist\index.cjs.js:1:5845
-------Error Stack End------- 
2025-09-20 00:37:52 [PicGo WARN] C:\Users\wingxu\Desktop\myCodes\HaoyeBlog\posts\%path does not exist. 
2025-09-20 00:37:53 [PicGo ERROR] 
------Error Stack Begin------
Error: image not found in clipboard
    at Mt.upload (C:\Users\wingxu\AppData\Roaming\npm\node_modules\picgo\dist\index.cjs.js:1:74799)
    at process.processTicksAndRejections (node:internal/process/task_queues:95:5)
    at async C:\Users\wingxu\AppData\Roaming\npm\node_modules\picgo\dist\index.cjs.js:1:5845
-------Error Stack End------- 
2025-09-20 00:48:33 [PicGo INFO] Before transform 
2025-09-20 00:48:33 [PicGo INFO] Transforming... Current transformer is [path] 
2025-09-20 00:48:34 [PicGo INFO] Before upload 
2025-09-20 00:48:34 [PicGo INFO] Uploading... Current uploader is [tcyun] 
2025-09-20 00:49:47 [PicGo INFO] Before transform 
2025-09-20 00:49:47 [PicGo INFO] Transforming... Current transformer is [path] 
2025-09-20 00:49:47 [PicGo INFO] Before upload 
2025-09-20 00:49:47 [PicGo INFO] Uploading... Current uploader is [tcyun] 
2025-09-20 00:49:53 [PicGo SUCCESS] 
https://images.haoyelaiga.com/IMG_20250614_224612.jpg 
2025-09-20 00:50:00 [PicGo WARN] failed 
2025-09-20 00:50:00 [PicGo ERROR] {
  "method": "PUT",
  "url": "http://haoyeblog-1319658309.cos.ap-guangzhou.myqcloud.com/IMG_20250606_163704.jpg",
  "statusCode": 0,
  "message": "read ECONNRESET",
  "stack": "Error: read ECONNRESET\n    at TCP.onStreamRead (node:internal/stream_base_commons:217:20)",
  "response": {
    "status": 0,
    "statusCode": 0,
    "body": ""
  }
} 
2025-09-20 00:50:28 [PicGo INFO] Before transform 
2025-09-20 00:50:28 [PicGo INFO] Transforming... Current transformer is [path] 
2025-09-20 00:50:28 [PicGo INFO] Before upload 
2025-09-20 00:50:28 [PicGo INFO] Uploading... Current uploader is [tcyun] 
2025-09-20 00:50:35 [PicGo SUCCESS] 
https://images.haoyelaiga.com/IMG_20250628_235132.jpg 
2025-09-20 00:59:57 [PicGo INFO] Before transform 
2025-09-20 00:59:57 [PicGo INFO] Transforming... Current transformer is [path] 
2025-09-20 00:59:57 [PicGo INFO] Before upload 
2025-09-20 00:59:57 [PicGo INFO] Uploading... Current uploader is [tcyun] 
2025-09-20 01:00:03 [PicGo SUCCESS] 
https://images.haoyelaiga.com/IMG_20250628_235132.jpg 
2025-09-20 11:36:17 [PicGo INFO] Before transform 
2025-09-20 11:36:17 [PicGo INFO] Transforming... Current transformer is [path] 
2025-09-20 11:36:18 [PicGo INFO] Before upload 
2025-09-20 11:36:18 [PicGo INFO] Uploading... Current uploader is [tcyun] 
2025-09-20 11:36:19 [PicGo SUCCESS] 
https://images.haoyelaiga.com/spacex-Ptd-iTdrCJM-unsplash.jpg 
2025-09-20 16:33:47 [PicGo INFO] Before transform 
2025-09-20 16:33:47 [PicGo INFO] Transforming... Current transformer is [path] 
2025-09-20 16:33:48 [PicGo INFO] Before upload 
2025-09-20 16:33:48 [PicGo INFO] Uploading... Current uploader is [tcyun] 
2025-09-20 16:33:48 [PicGo SUCCESS] 
https://images.haoyelaiga.com/image-20250920163345190.png 
2025-09-20 16:35:55 [PicGo INFO] Before transform 
2025-09-20 16:35:55 [PicGo INFO] Transforming... Current transformer is [path] 
2025-09-20 16:35:55 [PicGo INFO] Before upload 
2025-09-20 16:35:55 [PicGo INFO] Uploading... Current uploader is [tcyun] 
2025-09-20 16:35:55 [PicGo SUCCESS] 
https://images.haoyelaiga.com/image-20250920163552965.png 
2025-09-21 01:37:29 [PicGo INFO] Before transform 
2025-09-21 01:37:29 [PicGo INFO] Transforming... Current transformer is [path] 
2025-09-21 01:37:29 [PicGo INFO] Before upload 
2025-09-21 01:37:29 [PicGo INFO] Uploading... Current uploader is [tcyun] 
2025-09-21 01:37:29 [PicGo SUCCESS] 
https://images.haoyelaiga.com/image-20250513232826635.png 
2025-09-21 01:52:06 [PicGo INFO] Before transform 
2025-09-21 01:52:06 [PicGo INFO] Transforming... Current transformer is [path] 
2025-09-21 01:52:06 [PicGo INFO] Before upload 
2025-09-21 01:52:06 [PicGo INFO] Uploading... Current uploader is [tcyun] 
2025-09-21 01:52:07 [PicGo SUCCESS] 
https://images.haoyelaiga.com/image-20250921015205043.png 
2025-09-21 02:14:43 [PicGo INFO] Before transform 
2025-09-21 02:14:43 [PicGo INFO] Transforming... Current transformer is [path] 
2025-09-21 02:14:43 [PicGo INFO] Before upload 
2025-09-21 02:14:43 [PicGo INFO] Uploading... Current uploader is [tcyun] 
2025-09-21 02:14:44 [PicGo SUCCESS] 
https://images.haoyelaiga.com/image-20250921021442543.png 
2025-09-21 02:23:34 [PicGo INFO] Before transform 
2025-09-21 02:23:34 [PicGo INFO] Transforming... Current transformer is [path] 
2025-09-21 02:23:34 [PicGo INFO] Before upload 
2025-09-21 02:23:34 [PicGo INFO] Uploading... Current uploader is [tcyun] 
2025-09-21 02:23:34 [PicGo SUCCESS] 
https://images.haoyelaiga.com/image-20250921022333640.png 
2025-09-21 11:48:16 [PicGo INFO] Before transform 
2025-09-21 11:48:16 [PicGo INFO] Transforming... Current transformer is [path] 
2025-09-21 11:48:16 [PicGo INFO] Before upload 
2025-09-21 11:48:16 [PicGo INFO] Uploading... Current uploader is [tcyun] 
2025-09-21 11:48:17 [PicGo SUCCESS] 
https://images.haoyelaiga.com/image-20250921114813489.png 
2025-09-21 13:02:45 [PicGo INFO] Before transform 
2025-09-21 13:02:45 [PicGo INFO] Transforming... Current transformer is [path] 
2025-09-21 13:02:45 [PicGo INFO] Before upload 
2025-09-21 13:02:45 [PicGo INFO] Uploading... Current uploader is [tcyun] 
2025-09-21 13:02:45 [PicGo SUCCESS] 
https://images.haoyelaiga.com/image-20250921130242881.png 
2025-09-21 18:31:48 [PicGo INFO] Before transform 
2025-09-21 18:31:48 [PicGo INFO] Transforming... Current transformer is [path] 
2025-09-21 18:31:48 [PicGo INFO] Before upload 
2025-09-21 18:31:48 [PicGo INFO] Uploading... Current uploader is [tcyun] 
2025-09-21 18:31:51 [PicGo SUCCESS] 
https://images.haoyelaiga.com/image-20250921183146337.png 
2025-09-21 18:43:00 [PicGo INFO] Before transform 
2025-09-21 18:43:00 [PicGo INFO] Transforming... Current transformer is [path] 
2025-09-21 18:43:00 [PicGo INFO] Before upload 
2025-09-21 18:43:00 [PicGo INFO] Uploading... Current uploader is [tcyun] 
2025-09-21 18:43:01 [PicGo SUCCESS] 
https://images.haoyelaiga.com/image-20250921184258805.png 
2025-09-21 20:19:52 [PicGo INFO] Before transform 
2025-09-21 20:19:52 [PicGo INFO] Transforming... Current transformer is [path] 
2025-09-21 20:19:52 [PicGo INFO] Before upload 
2025-09-21 20:19:52 [PicGo INFO] Uploading... Current uploader is [tcyun] 
2025-09-21 20:19:53 [PicGo SUCCESS] 
https://images.haoyelaiga.com/image-20250921201949766.png 
2025-09-21 22:06:32 [PicGo INFO] Before transform 
2025-09-21 22:06:32 [PicGo INFO] Transforming... Current transformer is [path] 
2025-09-21 22:06:32 [PicGo INFO] Before upload 
2025-09-21 22:06:32 [PicGo INFO] Uploading... Current uploader is [tcyun] 
2025-09-21 22:06:37 [PicGo SUCCESS] 
https://images.haoyelaiga.com/image-20250921220630700.png 
2025-09-21 22:29:16 [PicGo INFO] Before transform 
2025-09-21 22:29:16 [PicGo INFO] Transforming... Current transformer is [path] 
2025-09-21 22:29:16 [PicGo INFO] Before upload 
2025-09-21 22:29:16 [PicGo INFO] Uploading... Current uploader is [tcyun] 
2025-09-21 22:29:17 [PicGo SUCCESS] 
https://images.haoyelaiga.com/image-20250921222915571.png 
2025-09-24 20:18:19 [PicGo INFO] Before transform 
2025-09-24 20:18:19 [PicGo INFO] Transforming... Current transformer is [path] 
2025-09-24 20:18:19 [PicGo INFO] Before upload 
2025-09-24 20:18:19 [PicGo INFO] Uploading... Current uploader is [tcyun] 
2025-09-24 20:18:20 [PicGo SUCCESS] 
https://csrwiki-1319658309.cos.ap-guangzhou.myqcloud.com/image-20250924201816754.webp 
2025-09-24 20:20:45 [PicGo INFO] Before transform 
2025-09-24 20:20:45 [PicGo INFO] Transforming... Current transformer is [path] 
2025-09-24 20:20:45 [PicGo INFO] Before upload 
2025-09-24 20:20:45 [PicGo INFO] Uploading... Current uploader is [tcyun] 
2025-09-24 20:20:45 [PicGo SUCCESS] 
https://csrwiki-1319658309.cos.ap-guangzhou.myqcloud.com/image-20250924202043979.webp 
2025-09-24 20:24:40 [PicGo INFO] Before transform 
2025-09-24 20:24:40 [PicGo INFO] Transforming... Current transformer is [path] 
2025-09-24 20:24:40 [PicGo INFO] Before upload 
2025-09-24 20:24:40 [PicGo INFO] Uploading... Current uploader is [tcyun] 
2025-09-24 20:24:40 [PicGo SUCCESS] 
https://csrwiki-1319658309.cos.ap-guangzhou.myqcloud.com/image-20250924202438762.webp 
2025-09-24 20:39:53 [PicGo INFO] Before transform 
2025-09-24 20:39:53 [PicGo INFO] Transforming... Current transformer is [path] 
2025-09-24 20:39:53 [PicGo INFO] Before upload 
2025-09-24 20:39:53 [PicGo INFO] Uploading... Current uploader is [tcyun] 
2025-09-24 20:39:54 [PicGo SUCCESS] 
https://csrwiki-1319658309.cos.ap-guangzhou.myqcloud.com/image-20250924203951471.webp 
2025-09-24 20:44:20 [PicGo INFO] Before transform 
2025-09-24 20:44:20 [PicGo INFO] Transforming... Current transformer is [path] 
2025-09-24 20:44:20 [PicGo INFO] Before upload 
2025-09-24 20:44:20 [PicGo INFO] Uploading... Current uploader is [tcyun] 
2025-09-24 20:44:20 [PicGo SUCCESS] 
https://csrwiki-1319658309.cos.ap-guangzhou.myqcloud.com/image-20250924204417616.webp 
2025-09-24 20:49:16 [PicGo INFO] Before transform 
2025-09-24 20:49:16 [PicGo INFO] Transforming... Current transformer is [path] 
2025-09-24 20:49:16 [PicGo INFO] Before upload 
2025-09-24 20:49:16 [PicGo INFO] Uploading... Current uploader is [tcyun] 
2025-09-24 20:49:17 [PicGo SUCCESS] 
https://csrwiki-1319658309.cos.ap-guangzhou.myqcloud.com/image-20250924204915223.webp 
2025-09-24 20:53:52 [PicGo INFO] Before transform 
2025-09-24 20:53:52 [PicGo INFO] Transforming... Current transformer is [path] 
2025-09-24 20:53:52 [PicGo INFO] Before upload 
2025-09-24 20:53:52 [PicGo INFO] Uploading... Current uploader is [tcyun] 
2025-09-24 20:53:53 [PicGo SUCCESS] 
https://images.csrwiki.com/image-20250924205351104.webp 
2025-09-24 20:59:59 [PicGo INFO] Before transform 
2025-09-24 20:59:59 [PicGo INFO] Transforming... Current transformer is [path] 
2025-09-24 20:59:59 [PicGo INFO] Before upload 
2025-09-24 20:59:59 [PicGo INFO] Uploading... Current uploader is [tcyun] 
2025-09-24 20:59:59 [PicGo SUCCESS] 
https://images.csrwiki.com/image-20250924205956626.webp 
2025-09-24 21:30:28 [PicGo INFO] Before transform 
2025-09-24 21:30:28 [PicGo INFO] Transforming... Current transformer is [path] 
2025-09-24 21:30:28 [PicGo INFO] Before upload 
2025-09-24 21:30:28 [PicGo INFO] Uploading... Current uploader is [tcyun] 
2025-09-24 21:30:28 [PicGo SUCCESS] 
https://images.csrwiki.com/image-20250924213026218.webp 
2025-09-24 21:36:05 [PicGo INFO] Before transform 
2025-09-24 21:36:05 [PicGo INFO] Transforming... Current transformer is [path] 
2025-09-24 21:36:05 [PicGo INFO] Before upload 
2025-09-24 21:36:05 [PicGo INFO] Uploading... Current uploader is [tcyun] 
2025-09-24 21:36:05 [PicGo SUCCESS] 
https://images.csrwiki.com/image-20250924213603765.webp 
2025-09-24 22:00:18 [PicGo INFO] Before transform 
2025-09-24 22:00:18 [PicGo INFO] Transforming... Current transformer is [path] 
2025-09-24 22:00:18 [PicGo INFO] Before upload 
2025-09-24 22:00:18 [PicGo INFO] Uploading... Current uploader is [tcyun] 
2025-09-24 22:00:18 [PicGo SUCCESS] 
https://images.csrwiki.com/image-20250924220015828.webp 
2025-09-24 22:22:05 [PicGo INFO] Before transform 
2025-09-24 22:22:05 [PicGo INFO] Transforming... Current transformer is [path] 
2025-09-24 22:22:05 [PicGo INFO] Before upload 
2025-09-24 22:22:05 [PicGo INFO] Uploading... Current uploader is [tcyun] 
2025-09-24 22:22:05 [PicGo SUCCESS] 
https://images.csrwiki.com/image-20250924222202535.webp 
2025-09-24 22:23:12 [PicGo INFO] Before transform 
2025-09-24 22:23:12 [PicGo INFO] Transforming... Current transformer is [path] 
2025-09-24 22:23:12 [PicGo INFO] Before upload 
2025-09-24 22:23:12 [PicGo INFO] Uploading... Current uploader is [tcyun] 
2025-09-24 22:23:13 [PicGo SUCCESS] 
https://images.csrwiki.com/image-20250924222310943.webp 
2025-09-24 22:23:41 [PicGo INFO] Before transform 
2025-09-24 22:23:41 [PicGo INFO] Transforming... Current transformer is [path] 
2025-09-24 22:23:41 [PicGo INFO] Before upload 
2025-09-24 22:23:41 [PicGo INFO] Uploading... Current uploader is [tcyun] 
2025-09-24 22:23:41 [PicGo SUCCESS] 
https://images.csrwiki.com/image-20250924222339710.webp 
2025-09-24 22:24:18 [PicGo INFO] Before transform 
2025-09-24 22:24:18 [PicGo INFO] Transforming... Current transformer is [path] 
2025-09-24 22:24:18 [PicGo INFO] Before upload 
2025-09-24 22:24:18 [PicGo INFO] Uploading... Current uploader is [tcyun] 
2025-09-24 22:24:19 [PicGo SUCCESS] 
https://images.csrwiki.com/image-20250924222416696.webp 
2025-09-24 22:25:15 [PicGo INFO] Before transform 
2025-09-24 22:25:15 [PicGo INFO] Transforming... Current transformer is [path] 
2025-09-24 22:25:15 [PicGo INFO] Before upload 
2025-09-24 22:25:15 [PicGo INFO] Uploading... Current uploader is [tcyun] 
2025-09-24 22:25:16 [PicGo SUCCESS] 
https://images.csrwiki.com/image-20250924222514292.webp 
2025-09-24 22:25:53 [PicGo INFO] Before transform 
2025-09-24 22:25:53 [PicGo INFO] Transforming... Current transformer is [path] 
2025-09-24 22:25:53 [PicGo INFO] Before upload 
2025-09-24 22:25:53 [PicGo INFO] Uploading... Current uploader is [tcyun] 
2025-09-24 22:25:53 [PicGo SUCCESS] 
https://images.csrwiki.com/image-20250924222551870.webp 
2025-09-24 22:26:35 [PicGo INFO] Before transform 
2025-09-24 22:26:35 [PicGo INFO] Transforming... Current transformer is [path] 
2025-09-24 22:26:35 [PicGo INFO] Before upload 
2025-09-24 22:26:35 [PicGo INFO] Uploading... Current uploader is [tcyun] 
2025-09-24 22:26:35 [PicGo SUCCESS] 
https://images.csrwiki.com/image-20250924222633543.webp 
2025-09-25 15:21:48 [PicGo INFO] Before transform 
2025-09-25 15:21:48 [PicGo INFO] Transforming... Current transformer is [path] 
2025-09-25 15:21:48 [PicGo INFO] Before upload 
2025-09-25 15:21:48 [PicGo INFO] Uploading... Current uploader is [tcyun] 
2025-09-25 15:21:49 [PicGo SUCCESS] 
https://images.csrwiki.com/image-20250925152145730.webp 
2025-09-25 15:23:06 [PicGo INFO] Before transform 
2025-09-25 15:23:06 [PicGo INFO] Transforming... Current transformer is [path] 
2025-09-25 15:23:06 [PicGo INFO] Before upload 
2025-09-25 15:23:06 [PicGo INFO] Uploading... Current uploader is [tcyun] 
2025-09-25 15:23:06 [PicGo SUCCESS] 
https://images.csrwiki.com/image-20250925152304752.webp 
2025-09-25 15:24:40 [PicGo INFO] Before transform 
2025-09-25 15:24:40 [PicGo INFO] Transforming... Current transformer is [path] 
2025-09-25 15:24:41 [PicGo INFO] Before upload 
2025-09-25 15:24:41 [PicGo INFO] Uploading... Current uploader is [tcyun] 
2025-09-25 15:24:41 [PicGo SUCCESS] 
https://images.csrwiki.com/image-20250925152438789.webp 
2025-09-25 15:25:51 [PicGo INFO] Before transform 
2025-09-25 15:25:51 [PicGo INFO] Transforming... Current transformer is [path] 
2025-09-25 15:25:51 [PicGo INFO] Before upload 
2025-09-25 15:25:51 [PicGo INFO] Uploading... Current uploader is [tcyun] 
2025-09-25 15:25:51 [PicGo SUCCESS] 
https://images.csrwiki.com/image-20250925152549697.webp 
2025-09-25 15:47:36 [PicGo INFO] Before transform 
2025-09-25 15:47:36 [PicGo INFO] Transforming... Current transformer is [path] 
2025-09-25 15:47:36 [PicGo INFO] Before upload 
2025-09-25 15:47:36 [PicGo INFO] Uploading... Current uploader is [tcyun] 
2025-09-25 15:47:36 [PicGo SUCCESS] 
https://images.csrwiki.com/image-20250925154732940.webp 
2025-09-25 16:12:48 [PicGo INFO] Before transform 
2025-09-25 16:12:48 [PicGo INFO] Transforming... Current transformer is [path] 
2025-09-25 16:12:48 [PicGo INFO] Before upload 
2025-09-25 16:12:48 [PicGo INFO] Uploading... Current uploader is [tcyun] 
2025-09-25 16:12:48 [PicGo SUCCESS] 
https://images.csrwiki.com/image-20250925161244136.webp 
2025-09-25 16:13:22 [PicGo INFO] Before transform 
2025-09-25 16:13:22 [PicGo INFO] Transforming... Current transformer is [path] 
2025-09-25 16:13:22 [PicGo INFO] Before upload 
2025-09-25 16:13:22 [PicGo INFO] Uploading... Current uploader is [tcyun] 
2025-09-25 16:13:22 [PicGo SUCCESS] 
https://images.csrwiki.com/image-20250925161320878.webp 
2025-09-25 16:37:57 [PicGo INFO] Before transform 
2025-09-25 16:37:57 [PicGo INFO] Transforming... Current transformer is [path] 
2025-09-25 16:37:58 [PicGo INFO] Before upload 
2025-09-25 16:37:58 [PicGo INFO] Uploading... Current uploader is [tcyun] 
2025-09-25 16:37:58 [PicGo SUCCESS] 
https://images.csrwiki.com/image-20250925163756599.webp 
2025-09-25 16:46:34 [PicGo INFO] Before transform 
2025-09-25 16:46:34 [PicGo INFO] Transforming... Current transformer is [path] 
2025-09-25 16:46:34 [PicGo INFO] Before upload 
2025-09-25 16:46:34 [PicGo INFO] Uploading... Current uploader is [tcyun] 
2025-09-25 16:46:35 [PicGo SUCCESS] 
https://images.csrwiki.com/image-20250925164632788.webp 
2025-09-25 21:23:39 [PicGo INFO] Before transform 
2025-09-25 21:23:39 [PicGo INFO] Transforming... Current transformer is [path] 
2025-09-25 21:23:39 [PicGo INFO] Before upload 
2025-09-25 21:23:39 [PicGo INFO] Uploading... Current uploader is [tcyun] 
2025-09-25 21:23:39 [PicGo SUCCESS] 
https://images.csrwiki.com/image-20250925212336684.webp 
