2025-09-20 00:35:22 [PicGo WARN] C:\Users\wingxu\Desktop\myCodes\HaoyeBlog\posts\%path does not exist. 
2025-09-20 00:35:23 [PicGo ERROR] 
------Error Stack Begin------
Error: image not found in clipboard
    at Mt.upload (C:\Users\wingxu\AppData\Roaming\npm\node_modules\picgo\dist\index.cjs.js:1:74799)
    at process.processTicksAndRejections (node:internal/process/task_queues:95:5)
    at async C:\Users\wingxu\AppData\Roaming\npm\node_modules\picgo\dist\index.cjs.js:1:5845
-------Error Stack End------- 
2025-09-20 00:37:52 [PicGo WARN] C:\Users\wingxu\Desktop\myCodes\HaoyeBlog\posts\%path does not exist. 
2025-09-20 00:37:53 [PicGo ERROR] 
------Error Stack Begin------
Error: image not found in clipboard
    at Mt.upload (C:\Users\wingxu\AppData\Roaming\npm\node_modules\picgo\dist\index.cjs.js:1:74799)
    at process.processTicksAndRejections (node:internal/process/task_queues:95:5)
    at async C:\Users\wingxu\AppData\Roaming\npm\node_modules\picgo\dist\index.cjs.js:1:5845
-------Error Stack End------- 
2025-09-20 00:48:33 [PicGo INFO] Before transform 
2025-09-20 00:48:33 [PicGo INFO] Transforming... Current transformer is [path] 
2025-09-20 00:48:34 [PicGo INFO] Before upload 
2025-09-20 00:48:34 [PicGo INFO] Uploading... Current uploader is [tcyun] 
2025-09-20 00:49:47 [PicGo INFO] Before transform 
2025-09-20 00:49:47 [PicGo INFO] Transforming... Current transformer is [path] 
2025-09-20 00:49:47 [PicGo INFO] Before upload 
2025-09-20 00:49:47 [PicGo INFO] Uploading... Current uploader is [tcyun] 
2025-09-20 00:49:53 [PicGo SUCCESS] 
https://images.haoyelaiga.com/IMG_20250614_224612.jpg 
2025-09-20 00:50:00 [PicGo WARN] failed 
2025-09-20 00:50:00 [PicGo ERROR] {
  "method": "PUT",
  "url": "http://haoyeblog-1319658309.cos.ap-guangzhou.myqcloud.com/IMG_20250606_163704.jpg",
  "statusCode": 0,
  "message": "read ECONNRESET",
  "stack": "Error: read ECONNRESET\n    at TCP.onStreamRead (node:internal/stream_base_commons:217:20)",
  "response": {
    "status": 0,
    "statusCode": 0,
    "body": ""
  }
} 
2025-09-20 00:50:28 [PicGo INFO] Before transform 
2025-09-20 00:50:28 [PicGo INFO] Transforming... Current transformer is [path] 
2025-09-20 00:50:28 [PicGo INFO] Before upload 
2025-09-20 00:50:28 [PicGo INFO] Uploading... Current uploader is [tcyun] 
2025-09-20 00:50:35 [PicGo SUCCESS] 
https://images.haoyelaiga.com/IMG_20250628_235132.jpg 
2025-09-20 00:59:57 [PicGo INFO] Before transform 
2025-09-20 00:59:57 [PicGo INFO] Transforming... Current transformer is [path] 
2025-09-20 00:59:57 [PicGo INFO] Before upload 
2025-09-20 00:59:57 [PicGo INFO] Uploading... Current uploader is [tcyun] 
2025-09-20 01:00:03 [PicGo SUCCESS] 
https://images.haoyelaiga.com/IMG_20250628_235132.jpg 
2025-09-20 11:36:17 [PicGo INFO] Before transform 
2025-09-20 11:36:17 [PicGo INFO] Transforming... Current transformer is [path] 
2025-09-20 11:36:18 [PicGo INFO] Before upload 
2025-09-20 11:36:18 [PicGo INFO] Uploading... Current uploader is [tcyun] 
2025-09-20 11:36:19 [PicGo SUCCESS] 
https://images.haoyelaiga.com/spacex-Ptd-iTdrCJM-unsplash.jpg 
2025-09-20 16:33:47 [PicGo INFO] Before transform 
2025-09-20 16:33:47 [PicGo INFO] Transforming... Current transformer is [path] 
2025-09-20 16:33:48 [PicGo INFO] Before upload 
2025-09-20 16:33:48 [PicGo INFO] Uploading... Current uploader is [tcyun] 
2025-09-20 16:33:48 [PicGo SUCCESS] 
https://images.haoyelaiga.com/image-20250920163345190.png 
2025-09-20 16:35:55 [PicGo INFO] Before transform 
2025-09-20 16:35:55 [PicGo INFO] Transforming... Current transformer is [path] 
2025-09-20 16:35:55 [PicGo INFO] Before upload 
2025-09-20 16:35:55 [PicGo INFO] Uploading... Current uploader is [tcyun] 
2025-09-20 16:35:55 [PicGo SUCCESS] 
https://images.haoyelaiga.com/image-20250920163552965.png 
2025-09-21 01:37:29 [PicGo INFO] Before transform 
2025-09-21 01:37:29 [PicGo INFO] Transforming... Current transformer is [path] 
2025-09-21 01:37:29 [PicGo INFO] Before upload 
2025-09-21 01:37:29 [PicGo INFO] Uploading... Current uploader is [tcyun] 
2025-09-21 01:37:29 [PicGo SUCCESS] 
https://images.haoyelaiga.com/image-20250513232826635.png 
2025-09-21 01:52:06 [PicGo INFO] Before transform 
2025-09-21 01:52:06 [PicGo INFO] Transforming... Current transformer is [path] 
2025-09-21 01:52:06 [PicGo INFO] Before upload 
2025-09-21 01:52:06 [PicGo INFO] Uploading... Current uploader is [tcyun] 
2025-09-21 01:52:07 [PicGo SUCCESS] 
https://images.haoyelaiga.com/image-20250921015205043.png 
2025-09-21 02:14:43 [PicGo INFO] Before transform 
2025-09-21 02:14:43 [PicGo INFO] Transforming... Current transformer is [path] 
2025-09-21 02:14:43 [PicGo INFO] Before upload 
2025-09-21 02:14:43 [PicGo INFO] Uploading... Current uploader is [tcyun] 
2025-09-21 02:14:44 [PicGo SUCCESS] 
https://images.haoyelaiga.com/image-20250921021442543.png 
2025-09-21 02:23:34 [PicGo INFO] Before transform 
2025-09-21 02:23:34 [PicGo INFO] Transforming... Current transformer is [path] 
2025-09-21 02:23:34 [PicGo INFO] Before upload 
2025-09-21 02:23:34 [PicGo INFO] Uploading... Current uploader is [tcyun] 
2025-09-21 02:23:34 [PicGo SUCCESS] 
https://images.haoyelaiga.com/image-20250921022333640.png 
2025-09-21 11:48:16 [PicGo INFO] Before transform 
2025-09-21 11:48:16 [PicGo INFO] Transforming... Current transformer is [path] 
2025-09-21 11:48:16 [PicGo INFO] Before upload 
2025-09-21 11:48:16 [PicGo INFO] Uploading... Current uploader is [tcyun] 
2025-09-21 11:48:17 [PicGo SUCCESS] 
https://images.haoyelaiga.com/image-20250921114813489.png 
2025-09-21 13:02:45 [PicGo INFO] Before transform 
2025-09-21 13:02:45 [PicGo INFO] Transforming... Current transformer is [path] 
2025-09-21 13:02:45 [PicGo INFO] Before upload 
2025-09-21 13:02:45 [PicGo INFO] Uploading... Current uploader is [tcyun] 
2025-09-21 13:02:45 [PicGo SUCCESS] 
https://images.haoyelaiga.com/image-20250921130242881.png 
2025-09-21 18:31:48 [PicGo INFO] Before transform 
2025-09-21 18:31:48 [PicGo INFO] Transforming... Current transformer is [path] 
2025-09-21 18:31:48 [PicGo INFO] Before upload 
2025-09-21 18:31:48 [PicGo INFO] Uploading... Current uploader is [tcyun] 
2025-09-21 18:31:51 [PicGo SUCCESS] 
https://images.haoyelaiga.com/image-20250921183146337.png 
2025-09-21 18:43:00 [PicGo INFO] Before transform 
2025-09-21 18:43:00 [PicGo INFO] Transforming... Current transformer is [path] 
2025-09-21 18:43:00 [PicGo INFO] Before upload 
2025-09-21 18:43:00 [PicGo INFO] Uploading... Current uploader is [tcyun] 
2025-09-21 18:43:01 [PicGo SUCCESS] 
https://images.haoyelaiga.com/image-20250921184258805.png 
2025-09-21 20:19:52 [PicGo INFO] Before transform 
2025-09-21 20:19:52 [PicGo INFO] Transforming... Current transformer is [path] 
2025-09-21 20:19:52 [PicGo INFO] Before upload 
2025-09-21 20:19:52 [PicGo INFO] Uploading... Current uploader is [tcyun] 
2025-09-21 20:19:53 [PicGo SUCCESS] 
https://images.haoyelaiga.com/image-20250921201949766.png 
2025-09-21 22:06:32 [PicGo INFO] Before transform 
2025-09-21 22:06:32 [PicGo INFO] Transforming... Current transformer is [path] 
2025-09-21 22:06:32 [PicGo INFO] Before upload 
2025-09-21 22:06:32 [PicGo INFO] Uploading... Current uploader is [tcyun] 
2025-09-21 22:06:37 [PicGo SUCCESS] 
https://images.haoyelaiga.com/image-20250921220630700.png 
2025-09-21 22:29:16 [PicGo INFO] Before transform 
2025-09-21 22:29:16 [PicGo INFO] Transforming... Current transformer is [path] 
2025-09-21 22:29:16 [PicGo INFO] Before upload 
2025-09-21 22:29:16 [PicGo INFO] Uploading... Current uploader is [tcyun] 
2025-09-21 22:29:17 [PicGo SUCCESS] 
https://images.haoyelaiga.com/image-20250921222915571.png 
2025-09-22 23:43:26 [PicGo INFO] Before transform 
2025-09-22 23:43:26 [PicGo INFO] Transforming... Current transformer is [path] 
2025-09-22 23:43:26 [PicGo INFO] Before upload 
2025-09-22 23:43:26 [PicGo INFO] Uploading... Current uploader is [tcyun] 
2025-09-22 23:43:28 [PicGo SUCCESS] 
https://images.haoyelaiga.com/image-20250922234324434.png 
2025-09-23 11:39:49 [PicGo INFO] Before transform 
2025-09-23 11:39:49 [PicGo INFO] Transforming... Current transformer is [path] 
2025-09-23 11:39:49 [PicGo INFO] Before upload 
2025-09-23 11:39:49 [PicGo INFO] Uploading... Current uploader is [tcyun] 
2025-09-23 11:39:50 [PicGo SUCCESS] 
https://images.haoyelaiga.com/image-20250923113946342.png 
2025-09-23 11:41:40 [PicGo INFO] Before transform 
2025-09-23 11:41:40 [PicGo INFO] Transforming... Current transformer is [path] 
2025-09-23 11:41:40 [PicGo INFO] Before upload 
2025-09-23 11:41:40 [PicGo INFO] Uploading... Current uploader is [tcyun] 
2025-09-23 11:41:40 [PicGo SUCCESS] 
https://images.haoyelaiga.com/image-20250923114138803.png 
2025-09-23 17:08:53 [PicGo INFO] Before transform 
2025-09-23 17:08:53 [PicGo INFO] Transforming... Current transformer is [path] 
2025-09-23 17:08:54 [PicGo INFO] Before upload 
2025-09-23 17:08:54 [PicGo INFO] Uploading... Current uploader is [tcyun] 
2025-09-23 17:08:55 [PicGo SUCCESS] 
https://images.haoyelaiga.com/image-20250923170851846.png 
2025-09-23 21:52:10 [PicGo INFO] Before transform 
2025-09-23 21:52:10 [PicGo INFO] Transforming... Current transformer is [path] 
2025-09-23 21:52:10 [PicGo INFO] Before upload 
2025-09-23 21:52:10 [PicGo INFO] Uploading... Current uploader is [tcyun] 
2025-09-23 21:52:10 [PicGo SUCCESS] 
https://images.haoyelaiga.com/image-20250923215208155.png 
2025-09-23 23:06:16 [PicGo INFO] Before transform 
2025-09-23 23:06:16 [PicGo INFO] Transforming... Current transformer is [path] 
2025-09-23 23:06:16 [PicGo INFO] Before upload 
2025-09-23 23:06:16 [PicGo INFO] Uploading... Current uploader is [tcyun] 
2025-09-23 23:06:16 [PicGo SUCCESS] 
https://images.haoyelaiga.com/image-20250923230614607.webp 
2025-09-23 23:19:04 [PicGo INFO] Before transform 
2025-09-23 23:19:04 [PicGo INFO] Transforming... Current transformer is [path] 
2025-09-23 23:19:04 [PicGo INFO] Before upload 
2025-09-23 23:19:04 [PicGo INFO] Uploading... Current uploader is [tcyun] 
2025-09-23 23:19:05 [PicGo SUCCESS] 
https://images.haoyelaiga.com/Screenshot%202025-09-23%20231842.webp 
2025-09-23 23:20:19 [PicGo INFO] Before transform 
2025-09-23 23:20:19 [PicGo INFO] Transforming... Current transformer is [path] 
2025-09-23 23:20:20 [PicGo INFO] Before upload 
2025-09-23 23:20:20 [PicGo INFO] Uploading... Current uploader is [tcyun] 
2025-09-23 23:20:20 [PicGo SUCCESS] 
https://images.haoyelaiga.com/Screenshot%202025-09-23%20231842.webp 
2025-09-24 00:19:33 [PicGo INFO] Before transform 
2025-09-24 00:19:33 [PicGo INFO] Transforming... Current transformer is [path] 
2025-09-24 00:19:33 [PicGo INFO] Before upload 
2025-09-24 00:19:33 [PicGo INFO] Uploading... Current uploader is [tcyun] 
2025-09-24 00:19:34 [PicGo SUCCESS] 
https://images.haoyelaiga.com/IMG_20250629_174034.webp 
2025-09-24 00:21:43 [PicGo INFO] Before transform 
2025-09-24 00:21:43 [PicGo INFO] Transforming... Current transformer is [path] 
2025-09-24 00:21:44 [PicGo INFO] Before upload 
2025-09-24 00:21:44 [PicGo INFO] Uploading... Current uploader is [tcyun] 
2025-09-24 00:21:44 [PicGo SUCCESS] 
https://images.haoyelaiga.com/image-20250924002142110.webp 
2025-09-24 00:30:41 [PicGo INFO] Before transform 
2025-09-24 00:30:41 [PicGo INFO] Transforming... Current transformer is [path] 
2025-09-24 00:30:41 [PicGo INFO] Before upload 
2025-09-24 00:30:41 [PicGo INFO] Uploading... Current uploader is [tcyun] 
2025-09-24 00:30:41 [PicGo SUCCESS] 
https://images.haoyelaiga.com/image-20250924003039387.webp 
2025-09-24 00:30:46 [PicGo INFO] Before transform 
2025-09-24 00:30:46 [PicGo INFO] Transforming... Current transformer is [path] 
2025-09-24 00:30:46 [PicGo INFO] Before upload 
2025-09-24 00:30:46 [PicGo INFO] Uploading... Current uploader is [tcyun] 
2025-09-24 00:30:46 [PicGo SUCCESS] 
https://images.haoyelaiga.com/image-20250924003039387.webp 
2025-09-24 01:08:32 [PicGo INFO] Before transform 
2025-09-24 01:08:32 [PicGo INFO] Transforming... Current transformer is [path] 
2025-09-24 01:08:32 [PicGo INFO] Before upload 
2025-09-24 01:08:32 [PicGo INFO] Uploading... Current uploader is [tcyun] 
2025-09-24 01:08:33 [PicGo SUCCESS] 
https://images.haoyelaiga.com/_118939664_09.jpg.webp 
2025-09-24 23:30:20 [PicGo INFO] Before transform 
2025-09-24 23:30:20 [PicGo INFO] Transforming... Current transformer is [path] 
2025-09-24 23:30:20 [PicGo INFO] Before upload 
2025-09-24 23:30:20 [PicGo INFO] Uploading... Current uploader is [tcyun] 
2025-09-24 23:30:21 [PicGo SUCCESS] 
https://images.haoyelaiga.com/image-20250924233018299.webp 
2025-09-25 16:27:01 [PicGo INFO] Before transform 
2025-09-25 16:27:02 [PicGo INFO] Transforming... Current transformer is [path] 
2025-09-25 16:27:02 [PicGo INFO] Before upload 
2025-09-25 16:27:02 [PicGo INFO] Uploading... Current uploader is [tcyun] 
2025-09-25 16:27:02 [PicGo SUCCESS] 
https://images.haoyelaiga.com/image-20250925162659512.webp 
2025-09-25 16:27:26 [PicGo INFO] Before transform 
2025-09-25 16:27:26 [PicGo INFO] Transforming... Current transformer is [path] 
2025-09-25 16:27:26 [PicGo INFO] Before upload 
2025-09-25 16:27:26 [PicGo INFO] Uploading... Current uploader is [tcyun] 
2025-09-25 16:27:26 [PicGo SUCCESS] 
https://images.haoyelaiga.com/image-20250925162724746.webp 
2025-09-25 16:27:47 [PicGo INFO] Before transform 
2025-09-25 16:27:47 [PicGo INFO] Transforming... Current transformer is [path] 
2025-09-25 16:27:47 [PicGo INFO] Before upload 
2025-09-25 16:27:47 [PicGo INFO] Uploading... Current uploader is [tcyun] 
2025-09-25 16:27:48 [PicGo SUCCESS] 
https://images.haoyelaiga.com/image-20250925162746610.webp 
2025-09-25 16:37:36 [PicGo INFO] Before transform 
2025-09-25 16:37:36 [PicGo INFO] Transforming... Current transformer is [path] 
2025-09-25 16:37:36 [PicGo INFO] Before upload 
2025-09-25 16:37:36 [PicGo INFO] Uploading... Current uploader is [tcyun] 
2025-09-25 16:37:37 [PicGo SUCCESS] 
https://images.haoyelaiga.com/image-20250925163734745.webp 
2025-09-27 22:33:45 [PicGo INFO] Before transform 
2025-09-27 22:33:45 [PicGo INFO] Transforming... Current transformer is [path] 
2025-09-27 22:33:45 [PicGo INFO] Before upload 
2025-09-27 22:33:45 [PicGo INFO] Uploading... Current uploader is [tcyun] 
2025-09-27 22:33:45 [PicGo SUCCESS] 
https://images.haoyelaiga.com/image-20250927223342943.webp 
2025-09-28 00:49:28 [PicGo INFO] Before transform 
2025-09-28 00:49:28 [PicGo INFO] Transforming... Current transformer is [path] 
2025-09-28 00:49:28 [PicGo INFO] Before upload 
2025-09-28 00:49:28 [PicGo INFO] Uploading... Current uploader is [tcyun] 
2025-09-28 00:49:29 [PicGo SUCCESS] 
https://images.haoyelaiga.com/image-20250928004925660.webp 
2025-09-28 11:58:29 [PicGo INFO] Before transform 
2025-09-28 11:58:29 [PicGo INFO] Transforming... Current transformer is [path] 
2025-09-28 11:58:29 [PicGo INFO] Before upload 
2025-09-28 11:58:29 [PicGo INFO] Uploading... Current uploader is [tcyun] 
2025-09-28 11:58:29 [PicGo SUCCESS] 
https://images.haoyelaiga.com/image-20250928115827175.webp 
2025-09-28 12:45:09 [PicGo INFO] Before transform 
2025-09-28 12:45:09 [PicGo INFO] Transforming... Current transformer is [path] 
2025-09-28 12:45:09 [PicGo INFO] Before upload 
2025-09-28 12:45:09 [PicGo INFO] Uploading... Current uploader is [tcyun] 
2025-09-28 12:45:09 [PicGo SUCCESS] 
https://images.haoyelaiga.com/house.webp 
2025-09-29 20:26:48 [PicGo INFO] Before transform 
2025-09-29 20:26:48 [PicGo INFO] Transforming... Current transformer is [path] 
2025-09-29 20:26:48 [PicGo INFO] Before upload 
2025-09-29 20:26:48 [PicGo INFO] Uploading... Current uploader is [tcyun] 
2025-09-29 20:26:49 [PicGo SUCCESS] 
https://images.haoyelaiga.com/image-20250929202644509.webp 
2025-09-29 20:49:11 [PicGo INFO] Before transform 
2025-09-29 20:49:11 [PicGo INFO] Transforming... Current transformer is [path] 
2025-09-29 20:49:12 [PicGo INFO] Before upload 
2025-09-29 20:49:12 [PicGo INFO] Uploading... Current uploader is [tcyun] 
2025-09-29 20:49:12 [PicGo SUCCESS] 
https://images.haoyelaiga.com/image-20250929204909116.webp 
2025-09-29 21:10:30 [PicGo INFO] Before transform 
2025-09-29 21:10:30 [PicGo INFO] Transforming... Current transformer is [path] 
2025-09-29 21:10:30 [PicGo INFO] Before upload 
2025-09-29 21:10:30 [PicGo INFO] Uploading... Current uploader is [tcyun] 
2025-09-29 21:10:31 [PicGo SUCCESS] 
https://images.haoyelaiga.com/image-20250929211027599.webp 
2025-09-29 22:07:18 [PicGo INFO] Before transform 
2025-09-29 22:07:18 [PicGo INFO] Transforming... Current transformer is [path] 
2025-09-29 22:07:18 [PicGo INFO] Before upload 
2025-09-29 22:07:18 [PicGo INFO] Uploading... Current uploader is [tcyun] 
2025-09-29 22:07:18 [PicGo SUCCESS] 
https://images.haoyelaiga.com/image-20250929220716847.webp 
2025-09-29 23:04:48 [PicGo INFO] Before transform 
2025-09-29 23:04:48 [PicGo INFO] Transforming... Current transformer is [path] 
2025-09-29 23:04:48 [PicGo INFO] Before upload 
2025-09-29 23:04:48 [PicGo INFO] Uploading... Current uploader is [tcyun] 
2025-09-29 23:04:50 [PicGo SUCCESS] 
https://images.haoyelaiga.com/image-20250929230446885.webp 
2025-09-29 23:42:47 [PicGo INFO] Before transform 
2025-09-29 23:42:47 [PicGo INFO] Transforming... Current transformer is [path] 
2025-09-29 23:42:48 [PicGo INFO] Before upload 
2025-09-29 23:42:48 [PicGo INFO] Uploading... Current uploader is [tcyun] 
2025-09-29 23:42:48 [PicGo SUCCESS] 
https://images.haoyelaiga.com/%E5%8A%A8%E7%94%BB2.webp 
2025-09-29 23:48:12 [PicGo INFO] Before transform 
2025-09-29 23:48:12 [PicGo INFO] Transforming... Current transformer is [path] 
2025-09-29 23:48:12 [PicGo INFO] Before upload 
2025-09-29 23:48:12 [PicGo INFO] Uploading... Current uploader is [tcyun] 
2025-09-29 23:48:13 [PicGo SUCCESS] 
https://images.haoyelaiga.com/image-20250929234810969.webp 
2025-09-29 23:49:21 [PicGo INFO] Before transform 
2025-09-29 23:49:21 [PicGo INFO] Transforming... Current transformer is [path] 
2025-09-29 23:49:21 [PicGo INFO] Before upload 
2025-09-29 23:49:21 [PicGo INFO] Uploading... Current uploader is [tcyun] 
2025-09-29 23:49:21 [PicGo SUCCESS] 
https://images.haoyelaiga.com/image-20250929234920139.webp 
2025-09-29 23:56:08 [PicGo INFO] Before transform 
2025-09-29 23:56:08 [PicGo INFO] Transforming... Current transformer is [path] 
2025-09-29 23:56:08 [PicGo INFO] Before upload 
2025-09-29 23:56:08 [PicGo INFO] Uploading... Current uploader is [tcyun] 
2025-09-29 23:56:08 [PicGo SUCCESS] 
https://images.haoyelaiga.com/image-20250929235606755.webp 
2025-10-01 00:08:55 [PicGo INFO] Before transform 
2025-10-01 00:08:55 [PicGo INFO] Transforming... Current transformer is [path] 
2025-10-01 00:08:56 [PicGo INFO] Before upload 
2025-10-01 00:08:56 [PicGo INFO] Uploading... Current uploader is [tcyun] 
2025-10-01 00:08:56 [PicGo SUCCESS] 
https://images.haoyelaiga.com/image-20251001000852805.webp 
