2025-09-20 01:08:05 [PicGo INFO] Before transform 
2025-09-20 01:08:05 [PicGo INFO] Transforming... Current transformer is [path] 
2025-09-20 01:08:05 [PicGo INFO] Before upload 
2025-09-20 01:08:05 [PicGo WARN] Can't find uploader - smms, switch to default uploader - smms 
2025-09-20 01:08:05 [PicGo INFO] Uploading... Current uploader is [smms] 
2025-09-20 01:08:05 [PicGo WARN] failed 
2025-09-20 01:08:05 [PicGo ERROR] 
------Error Stack Begin------
Error: Can not find smms config!
    at Object.We [as handle] (C:\Users\wingxu\AppData\Roaming\npm\node_modules\picgo\dist\index.cjs.js:1:20899)
    at je.doUpload (C:\Users\wingxu\AppData\Roaming\npm\node_modules\picgo\dist\index.cjs.js:1:19881)
    at je.start (C:\Users\wingxu\AppData\Roaming\npm\node_modules\picgo\dist\index.cjs.js:1:18640)
    at async Mt.upload (C:\Users\wingxu\AppData\Roaming\npm\node_modules\picgo\dist\index.cjs.js:1:74673)
    at async C:\Users\wingxu\AppData\Roaming\npm\node_modules\picgo\dist\index.cjs.js:1:5845
-------Error Stack End------- 
2025-09-20 01:10:51 [PicGo INFO] Before transform 
2025-09-20 01:10:51 [PicGo INFO] Transforming... Current transformer is [path] 
2025-09-20 01:10:51 [PicGo INFO] Before upload 
2025-09-20 01:10:51 [PicGo WARN] Can't find uploader - smms, switch to default uploader - smms 
2025-09-20 01:10:51 [PicGo INFO] Uploading... Current uploader is [smms] 
2025-09-20 01:10:51 [PicGo WARN] failed 
2025-09-20 01:10:51 [PicGo ERROR] 
------Error Stack Begin------
Error: Can not find smms config!
    at Object.We [as handle] (C:\Users\wingxu\AppData\Roaming\npm\node_modules\picgo\dist\index.cjs.js:1:20899)
    at je.doUpload (C:\Users\wingxu\AppData\Roaming\npm\node_modules\picgo\dist\index.cjs.js:1:19881)
    at je.start (C:\Users\wingxu\AppData\Roaming\npm\node_modules\picgo\dist\index.cjs.js:1:18640)
    at async Mt.upload (C:\Users\wingxu\AppData\Roaming\npm\node_modules\picgo\dist\index.cjs.js:1:74673)
    at async C:\Users\wingxu\AppData\Roaming\npm\node_modules\picgo\dist\index.cjs.js:1:5845
-------Error Stack End------- 
2025-09-20 01:13:46 [PicGo INFO] Before transform 
2025-09-20 01:13:46 [PicGo INFO] Transforming... Current transformer is [path] 
2025-09-20 01:13:46 [PicGo INFO] Before upload 
2025-09-20 01:13:46 [PicGo WARN] Can't find uploader - smms, switch to default uploader - smms 
2025-09-20 01:13:46 [PicGo INFO] Uploading... Current uploader is [smms] 
2025-09-20 01:13:46 [PicGo WARN] failed 
2025-09-20 01:13:46 [PicGo ERROR] 
------Error Stack Begin------
Error: Can not find smms config!
    at Object.We [as handle] (C:\Users\wingxu\AppData\Roaming\npm\node_modules\picgo\dist\index.cjs.js:1:20899)
    at je.doUpload (C:\Users\wingxu\AppData\Roaming\npm\node_modules\picgo\dist\index.cjs.js:1:19881)
    at je.start (C:\Users\wingxu\AppData\Roaming\npm\node_modules\picgo\dist\index.cjs.js:1:18640)
    at async Mt.upload (C:\Users\wingxu\AppData\Roaming\npm\node_modules\picgo\dist\index.cjs.js:1:74673)
    at async C:\Users\wingxu\AppData\Roaming\npm\node_modules\picgo\dist\index.cjs.js:1:5845
-------Error Stack End------- 
2025-09-20 01:17:59 [PicGo INFO] Before transform 
2025-09-20 01:17:59 [PicGo INFO] Transforming... Current transformer is [path] 
2025-09-20 01:17:59 [PicGo INFO] Before upload 
2025-09-20 01:17:59 [PicGo WARN] Can't find uploader - smms, switch to default uploader - smms 
2025-09-20 01:17:59 [PicGo INFO] Uploading... Current uploader is [smms] 
2025-09-20 01:17:59 [PicGo WARN] failed 
2025-09-20 01:17:59 [PicGo ERROR] 
------Error Stack Begin------
Error: Can not find smms config!
    at Object.We [as handle] (C:\Users\wingxu\AppData\Roaming\npm\node_modules\picgo\dist\index.cjs.js:1:20899)
    at je.doUpload (C:\Users\wingxu\AppData\Roaming\npm\node_modules\picgo\dist\index.cjs.js:1:19881)
    at je.start (C:\Users\wingxu\AppData\Roaming\npm\node_modules\picgo\dist\index.cjs.js:1:18640)
    at async Mt.upload (C:\Users\wingxu\AppData\Roaming\npm\node_modules\picgo\dist\index.cjs.js:1:74673)
    at async C:\Users\wingxu\AppData\Roaming\npm\node_modules\picgo\dist\index.cjs.js:1:5845
-------Error Stack End------- 
2025-09-20 01:22:21 [PicGo INFO] Before transform 
2025-09-20 01:22:21 [PicGo INFO] Transforming... Current transformer is [path] 
2025-09-20 01:22:21 [PicGo INFO] Before upload 
2025-09-20 01:22:21 [PicGo WARN] Can't find uploader - smms, switch to default uploader - smms 
2025-09-20 01:22:21 [PicGo INFO] Uploading... Current uploader is [smms] 
2025-09-20 01:22:21 [PicGo WARN] failed 
2025-09-20 01:22:21 [PicGo ERROR] 
------Error Stack Begin------
Error: Can not find smms config!
    at Object.We [as handle] (C:\Users\wingxu\AppData\Roaming\npm\node_modules\picgo\dist\index.cjs.js:1:20899)
    at je.doUpload (C:\Users\wingxu\AppData\Roaming\npm\node_modules\picgo\dist\index.cjs.js:1:19881)
    at je.start (C:\Users\wingxu\AppData\Roaming\npm\node_modules\picgo\dist\index.cjs.js:1:18640)
    at async Mt.upload (C:\Users\wingxu\AppData\Roaming\npm\node_modules\picgo\dist\index.cjs.js:1:74673)
    at async C:\Users\wingxu\AppData\Roaming\npm\node_modules\picgo\dist\index.cjs.js:1:5845
-------Error Stack End------- 
2025-09-20 01:22:57 [PicGo INFO] Before transform 
2025-09-20 01:22:57 [PicGo INFO] Transforming... Current transformer is [path] 
2025-09-20 01:22:57 [PicGo INFO] Before upload 
2025-09-20 01:22:57 [PicGo WARN] Can't find uploader - smms, switch to default uploader - smms 
2025-09-20 01:22:57 [PicGo INFO] Uploading... Current uploader is [smms] 
2025-09-20 01:22:57 [PicGo WARN] failed 
2025-09-20 01:22:57 [PicGo ERROR] 
------Error Stack Begin------
Error: Can not find smms config!
    at Object.We [as handle] (C:\Users\wingxu\AppData\Roaming\npm\node_modules\picgo\dist\index.cjs.js:1:20899)
    at je.doUpload (C:\Users\wingxu\AppData\Roaming\npm\node_modules\picgo\dist\index.cjs.js:1:19881)
    at je.start (C:\Users\wingxu\AppData\Roaming\npm\node_modules\picgo\dist\index.cjs.js:1:18640)
    at async Mt.upload (C:\Users\wingxu\AppData\Roaming\npm\node_modules\picgo\dist\index.cjs.js:1:74673)
    at async C:\Users\wingxu\AppData\Roaming\npm\node_modules\picgo\dist\index.cjs.js:1:5845
-------Error Stack End------- 
2025-09-20 01:25:27 [PicGo INFO] Before transform 
2025-09-20 01:25:27 [PicGo INFO] Transforming... Current transformer is [path] 
2025-09-20 01:25:28 [PicGo INFO] Before upload 
2025-09-20 01:25:28 [PicGo INFO] Uploading... Current uploader is [tcyun] 
2025-09-20 01:25:30 [PicGo SUCCESS] 
https://csrwiki-1319658309.cos.ap-guangzhou.myqcloud.com/IMG_20250615_212608.jpg 
2025-09-20 01:26:49 [PicGo INFO] Before transform 
2025-09-20 01:26:49 [PicGo INFO] Transforming... Current transformer is [path] 
2025-09-20 01:26:49 [PicGo INFO] Before upload 
2025-09-20 01:26:49 [PicGo INFO] Uploading... Current uploader is [tcyun] 
2025-09-20 01:26:55 [PicGo SUCCESS] 
https://csrwiki-1319658309.cos.ap-guangzhou.myqcloud.com/%E5%B1%8F%E5%B9%95%E6%88%AA%E5%9B%BE(10).png 
2025-09-20 01:30:25 [PicGo INFO] Before transform 
2025-09-20 01:30:25 [PicGo INFO] Transforming... Current transformer is [path] 
2025-09-20 01:30:25 [PicGo INFO] Before upload 
2025-09-20 01:30:25 [PicGo INFO] Uploading... Current uploader is [tcyun] 
2025-09-20 01:30:31 [PicGo SUCCESS] 
https://csrwiki-1319658309.cos.ap-guangzhou.myqcloud.com/%E5%B1%8F%E5%B9%95%E6%88%AA%E5%9B%BE(11).png 
2025-09-20 01:49:53 [PicGo INFO] Before transform 
2025-09-20 01:49:53 [PicGo INFO] Transforming... Current transformer is [path] 
2025-09-20 01:49:53 [PicGo INFO] Before upload 
2025-09-20 01:49:53 [PicGo INFO] Uploading... Current uploader is [tcyun] 
2025-09-20 01:49:54 [PicGo SUCCESS] 
https://csrwiki-1319658309.cos.ap-guangzhou.myqcloud.com/%E5%B1%8F%E5%B9%95%E6%88%AA%E5%9B%BE(212).png 
2025-09-20 02:04:04 [PicGo INFO] Before transform 
2025-09-20 02:04:04 [PicGo INFO] Transforming... Current transformer is [path] 
2025-09-20 02:04:04 [PicGo INFO] Before upload 
2025-09-20 02:04:04 [PicGo INFO] Uploading... Current uploader is [tcyun] 
2025-09-20 02:04:05 [PicGo SUCCESS] 
https://csrwiki-1319658309.cos.ap-guangzhou.myqcloud.com/%E5%B1%8F%E5%B9%95%E6%88%AA%E5%9B%BE(225).png 
2025-09-20 02:07:22 [PicGo INFO] Before transform 
2025-09-20 02:07:22 [PicGo INFO] Transforming... Current transformer is [path] 
2025-09-20 02:07:22 [PicGo INFO] Before upload 
2025-09-20 02:07:22 [PicGo INFO] Uploading... Current uploader is [tcyun] 
2025-09-20 02:07:24 [PicGo SUCCESS] 
https://csrwiki-1319658309.cos.ap-guangzhou.myqcloud.com/%E5%B1%8F%E5%B9%95%E6%88%AA%E5%9B%BE(228).png 
2025-09-20 02:09:03 [PicGo INFO] Before transform 
2025-09-20 02:09:03 [PicGo INFO] Transforming... Current transformer is [path] 
2025-09-20 02:09:03 [PicGo INFO] Before upload 
2025-09-20 02:09:03 [PicGo INFO] Uploading... Current uploader is [tcyun] 
2025-09-20 02:09:05 [PicGo SUCCESS] 
https://csrwiki-1319658309.cos.ap-guangzhou.myqcloud.com/%E5%B1%8F%E5%B9%95%E6%88%AA%E5%9B%BE(45).png 
