2025-04-18 00:59:05 - 收到请求:
<xml><ToUserName><![CDATA[gh_8e04434ef4b2]]></ToUserName>
<FromUserName><![CDATA[oI3j67FNGQVwYy-_d3SZ3tE7wriM]]></FromUserName>
<CreateTime>1744909144</CreateTime>
<MsgType><![CDATA[text]]></MsgType>
<Content><![CDATA[hhh]]></Content>
<MsgId>24981092966056654</MsgId>
</xml>
2025-04-18 01:08:12 - 收到请求:
<xml>
    <ToUserName><![CDATA[gh_418117b71882]]></ToUserName>
    <FromUserName><![CDATA[o66VP5l4gAkI5AUWFXTw0fFyrDPI]]></FromUserName>
    <CreateTime>1744909690</CreateTime>
    <MsgType><![CDATA[text]]></MsgType>
    <Content><![CDATA[？？？]]></Content>
    <MsgId>24981097934990798</MsgId>
    <Encrypt><![CDATA[ylWJfxLLoeNAJi1n+153VB5GHGZKbyTZojiOprSDO9gXe9XqkMc14Yl5LN7cebcAm2XdCCFSy/1QG8vcwOE1VFnQACh0ka4IkBB8Rbkkl0d9Ys1+32VOj4ZT30Yxq8F6FBTmPMlvSrUFQ7gQBVWgDEOaFmUY8Ci99QbnEhq44Jk70T0M2yyxXtiTtNjzQA1ePwlPZChB85j9E2JdM55Qfq+G7tKlSpzDxadAr4CpL3p8IQABmMweetsDULQDsITlJqN+YsS9vsCPS3ysYGkogWSAoa8uCA9sbZvJmY3gVvlmh6qYSqUAhmBRCBFG+q3RjPL3O75R5cseUeeNFuQApIM9l5WOME+be15a/LXnxGxifnj9mcTRh/qeByRwsZk0d70AVHtBEZsaRn96xXzVMZLhN2+xy05pFWv7VpLH4QU=]]></Encrypt>
</xml>

2025-04-18 01:08:30 - 收到请求:
<xml>
    <ToUserName><![CDATA[gh_418117b71882]]></ToUserName>
    <FromUserName><![CDATA[o66VP5l4gAkI5AUWFXTw0fFyrDPI]]></FromUserName>
    <CreateTime>1744909710</CreateTime>
    <MsgType><![CDATA[text]]></MsgType>
    <Content><![CDATA[cell]]></Content>
    <MsgId>24981099627913047</MsgId>
    <Encrypt><![CDATA[LchaM6PiOI3ZOuNvmU8S5+PPjq5R+hAjouP6VNCcvf2OZ0RrHzyRrlrZIBilevQxNEM8hjNXXUJqQeDKZLqNIxzPUC0x472181ppW7vnQqyav3cFY3tKEVBjlQJX6YIGYdtJpCeeHCPmUEPj/zq48buoD8cw9v7zVP7NdDsYrTk0LDizZNmGeqzJP0BinXR+q77vSJYtibE5ukYkmmaQ8tpMCf1x7V27qeO8yQZL0LQCHliykVpPbpAqJuRughCCL+7EUX3ldONQqiUKABMkDzLjo+C++T747qBiovxSSGrIog7UrrYDCuqZ5RJJpCakDBXt7TG0tY22fAPqPkilHIFSO1J+sGlDX01TefuLCFK2r3QTzzfeajgtKT5mdg1+7lmJU+mxum3EQyRrdJ9ukFn9B39vsh/4C9ZEbsOU1rk=]]></Encrypt>
</xml>

2025-04-18 01:08:46 - 收到请求:
<xml>
    <ToUserName><![CDATA[gh_418117b71882]]></ToUserName>
    <FromUserName><![CDATA[o66VP5l4gAkI5AUWFXTw0fFyrDPI]]></FromUserName>
    <CreateTime>1744909725</CreateTime>
    <MsgType><![CDATA[text]]></MsgType>
    <Content><![CDATA[弄了]]></Content>
    <MsgId>24981099586405359</MsgId>
    <Encrypt><![CDATA[mIi/6bx5FURAt0oU7nDHIOM1mWfWeBaQmNNYmVUNwDG47edL1v9qvGv1J85kFadv+0HiNlNcw2PfzgYMG8nGE+54dlxWDFANqJAvu6BrMHF8Ypmx1CaSaLEHqM/uc8yJ4KT4+TAxzORD2ckxa2r+1RZ6GJ4rOzGMDAiPS2AZs2eXVk4uxorYUB3HCeEm36QvDDJeWAEeriEaqQhV7iA1aQ8XCRJNFBqLRejf4TU5n2nTh6qwd1lA6uOfu+C++eSeMCBi3D5Nj4Sjs+u1Xcx/Z9mPr7LjfdpcOKYFahoBfznfoakOpL0ZLw4cSENBp1UFry8nlJv9yl7lXFhhq39BkUJwr7puCnVDLR3/d00r99CF2Hj1zFrc4J0Gx+mCG4tFdPEZkNmM86rlTvws7UpLG1io0g+u8rC1tzpCT1hsfu4=]]></Encrypt>
</xml>

2025-04-18 01:24:13 - 收到请求:
<xml>
    <ToUserName><![CDATA[gh_418117b71882]]></ToUserName>
    <FromUserName><![CDATA[o66VP5l4gAkI5AUWFXTw0fFyrDPI]]></FromUserName>
    <CreateTime>1744910652</CreateTime>
    <MsgType><![CDATA[text]]></MsgType>
    <Content><![CDATA[jKKK]]></Content>
    <MsgId>24981110847568043</MsgId>
    <Encrypt><![CDATA[wLQvXG8RyvxxlaR/Ztz1RXy4IUYuX50JUdc2VO2H9MdMYRSo//ljhTg2ZPdrFAjXbLP7S0ka+/tDSsLx7dSb7wjxv9zbJE2Dys03F1pNYdqW4zVdG8huJDF8KNHib0eoa5tmRDekgzvFYbadEQFZ2mff+2Pnl3v7FEUVEcBh0C2qXfVFbJk3vdaZSZcLSTHgC+3+ZGArOhmSQazkS1vArVrnXBO7DMlhbdSo71VQ8i1amTs47G9VWLLOAtrnx3Hb3YcBH062VWW2Qf+EJwiTBbWYR1aIdDA/kbwMpYB52YGCT/s6kxai43ugX9iU6dnS29eYbWPXmDNzB1OgzLFZ4MNEmRwJmEfLk0phh1/c6VFDp/bC+ZCf+zwUztW9hVHoWfslAxzgno8FQIzRXYVFUp6ZiT08dAyaHJCEUqDoKG0=]]></Encrypt>
</xml>

2025-04-18 01:30:36 - 收到请求:
<xml>
    <ToUserName><![CDATA[gh_418117b71882]]></ToUserName>
    <FromUserName><![CDATA[o66VP5l4gAkI5AUWFXTw0fFyrDPI]]></FromUserName>
    <CreateTime>1744911035</CreateTime>
    <MsgType><![CDATA[text]]></MsgType>
    <Content><![CDATA[邻居]]></Content>
    <MsgId>24981123133276915</MsgId>
    <Encrypt><![CDATA[83FUC1J+NhEfVWR2UOf02LxzPCgGtR3Z53dJsXouRLxbPwDaEids2DdWvBhODwOVlKUB/v86zLXxBoTx1WfT/ap92uYxer7a3bRSlIEeQoBwme9/vYo06OZYI3Chc8X2xwuoY0FYJh5Txy+wGtZ3RlTfUmpjTJq1GJrBzEEQv/W0yUbp/T4vhxqwH8L8Ct+hLc0SY5vrPrZFk4hdM14pBS2w2mvsFLuCv0jlKRxnEIBA78NZmCpbCksk3zme1PcvnMr28N75OpllCQZDVBb7frCMfUzEfUqd11VG9SpRdSs89mPKbk536xAZY9IDc0vBBAmfU++D+jEY7b5y22jgZpUD6I+rmUJ9tDfpsyDe043orGKZeltb2A5oAydNiDmV59jyjy4fv4jeebR8rJ3d/W/kdV0Lf6qxhfLJtgQanJM=]]></Encrypt>
</xml>

2025-04-18 01:32:22 - 收到请求:
<xml>
    <ToUserName><![CDATA[gh_418117b71882]]></ToUserName>
    <FromUserName><![CDATA[o66VP5l4gAkI5AUWFXTw0fFyrDPI]]></FromUserName>
    <CreateTime>1744911141</CreateTime>
    <MsgType><![CDATA[text]]></MsgType>
    <Content><![CDATA[略略略略略]]></Content>
    <MsgId>24981119368582852</MsgId>
    <Encrypt><![CDATA[rUntNq/vqRogOigNr+V2KAO3I9ertUPntxOdIL24s1Z36y6kZFKyWYtoQAEC2q5zXUfgzLcjV+B7Eezei9/rDTqTqTjs24WmDeoOTmROZWl4lSj+GNgdZ75PHQHH0Ryoq4dLqDVsDTtX1JOcx2srNn4cc8ZmOlFHNBiXCLNjTdfNlkCmer6Za5QtyXUehjRmj+wCOXb3xGZUaX21/8cdDho+PDS9InNJRFla0oYYv/I06bPqy+US0l1BRHcqZjQGasH/3UE5w+6jTdLTJsEOX1wJB5vkzFh6PCvjjV4NHEo921+hcJv3WRXH6mnOM8foqiXpTJAlGhJkiqdx3uUs6OrCutjIhgIwC0RWgegsN3BVicMmrZF34/v213dSgYUxjaafYR7cjEHn9stWqv6ODFtnvj4tDIlf5wsBdkrAhSYCmJ4z5Z2jSi12B1Ej4BJa7XAymHjfZ67rS8vuRTn9yA==]]></Encrypt>
</xml>

2025-04-18 01:33:44 - 收到请求:
<xml>
    <ToUserName><![CDATA[gh_418117b71882]]></ToUserName>
    <FromUserName><![CDATA[o66VP5l4gAkI5AUWFXTw0fFyrDPI]]></FromUserName>
    <CreateTime>1744911223</CreateTime>
    <MsgType><![CDATA[text]]></MsgType>
    <Content><![CDATA[call]]></Content>
    <MsgId>24981123076466869</MsgId>
    <Encrypt><![CDATA[9T85I05yYo0a+Bi/QYfzA+kF8MFvL3d7UL5IPEpUaql5wWbnWsr8gRwZyzpdWRQr/7PWHmcv20cT2Wl4J3re/BP3rOEKJYrAvo6iVjU0FyUfOwbyvQ0xAAxhemfCS99pLaI4cUvy7Ea5RkUXMiYWWkg+avWkBaZiIlHLY3dNCge7yzvOnCf4C1+8TJ78Ku0f57JBzz4cMf+34BIA1Rt/FQguPOYJyZCqWlWPKCNrw+O2eotgwMcstVew5+9Rvxc40iMkLSq60h2IYR7T+O85cv2d0tg4rtEOvdnik3zZ5IymLq/6RdZes8TKdel+gAZsYUGggoR4ddO7cEiRBkPQ4MgtaxrSXBIRdMAw9tELoGTGE6LSL6NsS84CT8fFfkP1FxHAvhbnd9EYpEKGVelPOTyhebQXa5kG0APOnyBX0mg=]]></Encrypt>
</xml>

2025-04-18 01:34:49 - 收到请求:
<xml>
    <ToUserName><![CDATA[gh_418117b71882]]></ToUserName>
    <FromUserName><![CDATA[o66VP5l4gAkI5AUWFXTw0fFyrDPI]]></FromUserName>
    <CreateTime>1744911288</CreateTime>
    <MsgType><![CDATA[text]]></MsgType>
    <Content><![CDATA[哈哈哈看来]]></Content>
    <MsgId>24981120470912541</MsgId>
    <Encrypt><![CDATA[CcMgmr5Bc62Q5a/pl2bZi7gVTNvsRnDsFGZhfw1YsHvmkexlsjhPuAC+RUvST6BoEYwUJ2Gk7Yb/p15Y2Bh7K8RM/ENmlY/Qr1lg1pBxG5/Klszapl7xRoqiLmqFl5cZBrWrFV5dZgBH3Hxh3ePk1fefDxX9+GEhHQRZPX95CVZnWf0vfMGvDtxQOZigp1jOX/dqeCBva8P3J73lUP1byJI0V+h8kxM4FsPxGeRw50XiVMtIkg3faNZSA2zgwIfGooSd09VmLZchQv05/9SYHKIpBIMEsApnHGTmHihrXZ7uomAvVZ9o0q4x2n45NFRaClITPq+wqqkfidQulKV9pZuTCLdhfCm7B3KhTB8Ad9YZa4WJAu+SRRSj0Xsgp9JLZ0Cfcyr59Rhk5FzLhoDjnL1PDNKJ8r3H3xVETEPFkt5KAvv+YNG/ItSSPOYFxa/UZr2GrB0ip0JFwfVXztKpGw==]]></Encrypt>
</xml>

2025-04-18 01:36:18 - 收到请求:
<xml>
    <ToUserName><![CDATA[gh_418117b71882]]></ToUserName>
    <FromUserName><![CDATA[o66VP5l4gAkI5AUWFXTw0fFyrDPI]]></FromUserName>
    <CreateTime>1744911377</CreateTime>
    <MsgType><![CDATA[text]]></MsgType>
    <Content><![CDATA[jKKK]]></Content>
    <MsgId>24981125904861185</MsgId>
    <Encrypt><![CDATA[Oal2mLNpGFGTBYXgCjN3vdZSZY2Lydrc/soHalzUHMVEl/Q6YTQ7GO3qDQ5zRCamYv+lqADE51RnANHS+s3XRp835xVSRfdw2m0qrQDj/5PX6XD2QFqua9k2Rfo/p+Hh3yjmQiapH1IBf3kz7LWG7bjHzPgUbwFTrus9uRATmKpFKiWuSNZaqUZxfRvemaka4iZTOdaoRSnmzPV1bO4U9UVg2ZziQfk9n+h2HolrmsOT8IlAPyYDMqFjZmCxaWokoqHV8ZAV++24nyxE6jdisE0kVNJNl0blagGvyiVQvSPgXGIhxA6p37tEFv7zhEMGxxBU7cB03EDv3NruZFkAo+UYSkqxcYqWKbLKq0TOBvqi6w8+fLfE9AvHilipEidHqfBSrbRfZRpvlcg/n0Ihw3YtMDHOBzXv3CafODe1aOA=]]></Encrypt>
</xml>

2025-04-18 01:36:32 - 收到请求:
<xml>
    <ToUserName><![CDATA[gh_418117b71882]]></ToUserName>
    <FromUserName><![CDATA[o66VP5l4gAkI5AUWFXTw0fFyrDPI]]></FromUserName>
    <CreateTime>1744911391</CreateTime>
    <MsgType><![CDATA[text]]></MsgType>
    <Content><![CDATA[今天的日期是几号]]></Content>
    <MsgId>24981124214229313</MsgId>
    <Encrypt><![CDATA[4RoqNvk3HmQ5qoDSD5XDQUXIMPxItRXcIp4zjWixig6MLMOSXYK+hqHNtHhhySHd2hd+26YRXXsHJlOQpmUbiQhK7GoMebnUWgtWr/oUVvlGqvxd7lp2SwDvZ1KWG1r8afHx1QMmAzyqXvpGB37Hwiik32WLolZAgyVGz21PvZtF30Bg/JXPuQiq0H/C/I7tSn69lLP4tC8ZMgm2YlXp0Q9BqukB2RBURgg1Im9oBz9169kTouv3h2p8i37EEv0x8coC6/AZExl/Ju9EG/w3RxDjQOny1oOdrbW9XI1WORD3WACaCqSu7XBhxJcjowrfD0zTO97DNZYkvmO0vc3qPSqhpXzgoJOJIxHfjvh/i1ZNP4JEhnG0syMteKZty7nsbiiWlA7qafDO71Prkg/SKeUrSRy7YAjzoVVtKZky5EEq5CpLj8ypfXeEqauy+4kksRzfsjptb5OsH2lFWTJhwg==]]></Encrypt>
</xml>

2025-04-18 01:38:39 - 收到请求:
<xml>
    <ToUserName><![CDATA[gh_418117b71882]]></ToUserName>
    <FromUserName><![CDATA[o66VP5l4gAkI5AUWFXTw0fFyrDPI]]></FromUserName>
    <CreateTime>1744911518</CreateTime>
    <MsgType><![CDATA[text]]></MsgType>
    <Content><![CDATA[别离开就离开]]></Content>
    <MsgId>24981123330550103</MsgId>
    <Encrypt><![CDATA[HbGawBMvKV8GFw4iut1IqQ3IMin0nafV4JmfOMZ5DKfCO6yjVWLJMN55PFmSV+OIfGb+YIiQFoWKiVlRQfhBWjE15TzbdKXUkSE1RRJCoMDP+q9xboA8y2N/pLRW3kkowguR1dTud76iCnSSL9Rnaczu1BlFwOxuqMHnX+Lmskxfbgpcj4TjGO9KurRIlXiP431L2rshzet3HAQjFYK2j7qpSrpNiYV4/r1BDwM9tF//jztfjiepePpBCAk3l6ghlhk3IcdcxxyfyzFjQB7ev1TC4laNLjWn06NFjHIoOR90ybjjvI2hDubDdr50nWIUpuYMvIkw6dKASqKVXVTq4LCuvfn2GUv7XELjEcKo22AK0GGDGj4tuAwH0kqSmYQhBM91IgrTgMMfxzq4moZKcmAmf9Ra4eCpOPb+ckwcAPDu2uEZruJin0sWQjroh4fQV3kfqaOdkmQ2tzLE+vSVgg==]]></Encrypt>
</xml>

2025-04-18 01:40:56 - 收到请求:
<xml>
    <ToUserName><![CDATA[gh_418117b71882]]></ToUserName>
    <FromUserName><![CDATA[o66VP5l4gAkI5AUWFXTw0fFyrDPI]]></FromUserName>
    <CreateTime>1744911655</CreateTime>
    <MsgType><![CDATA[text]]></MsgType>
    <Content><![CDATA[jjijij]]></Content>
    <MsgId>24981131155686164</MsgId>
    <Encrypt><![CDATA[4NAdbVtbymc4QsNeChlshqjYEPnxxYCIExQcFoINqH4Ls/2xcXxuckPur7LPKPr3rJpryJkJ5Va4KiFefJy7Gsz/0KWlveUC2AZMHMJYPL2AOqmdeCNOIqwvh5TY8rHvnwHMRpG3axjEnl7eHiVQEO8xF9/YIJnVtFJ1hgTP4SyJc+zacD9mx9QllOrdc3k5ZURiZvikCyH6DwSAE1jXX1ItbTrlsfjnoXadNJ6kgVTds+Bi5KsuRlJkBJvSshvcqXm0BI8zIsP3dJBamFRvgN0x1Ul8HWtaBCqtpWM+3uQexivB0C+k7z68pcr9CRBNy5eI0lUGxg5SWlt0zXuqQrCWOJ1Zd5kkp19KI9YOGNq+CDlKopsVTwWo0a7mzmZx2FixrL8F0WRdVCnqvnTrzOKfOI/PIE08LUXILCiiKqM=]]></Encrypt>
</xml>

2025-04-18 01:41:12 - 收到请求:
<xml>
    <ToUserName><![CDATA[gh_418117b71882]]></ToUserName>
    <FromUserName><![CDATA[o66VP5l4gAkI5AUWFXTw0fFyrDPI]]></FromUserName>
    <CreateTime>1744911671</CreateTime>
    <MsgType><![CDATA[text]]></MsgType>
    <Content><![CDATA[喝了两轮酒]]></Content>
    <MsgId>24981129695982780</MsgId>
    <Encrypt><![CDATA[xwWLccufJ88nNCp4wSpvjPqTQWvrOo8CqvnYokE7gW30FHjCl/ndh6qVwCjcTf9XUeK7U6eNVn8hQOMM8fK2/QN/PktQuyTtGamqZ0ENZLxx6yxUPf0U93kULQSdsXMMx4Ryl5GPfrIDh+zgImC9nyiNSDL2k5MaYD7KReTKxOKCIXat7mGS4ptrvOgOHd2X2PQLSfQzZChjYaoKS0MiEMbLRSIwnYYROyQB25Q7RhWkbvHaYOVg6mCptaKGk3kHuduubInEPjVZzOolcixRGlA8PQ+NF/1zirIZUp+beFgPDExdSCwg6p++QYd/KO8+6VwptH/vQYcMJCH/LET3zJ5frgvYGkNvwvfmxRWOBMV7TKOsohb5k2iy4ZJeLYeaHwZh3Yko2+QZOLK0qU2OsQnNhUTDjtiKKVIv1ZOi2UYPnOKzSFtmq/hRRGCE0qYdd1+VZoX3ePJNhxlRgGq4iA==]]></Encrypt>
</xml>

2025-04-18 01:42:50 - 收到请求:
<xml>
    <ToUserName><![CDATA[gh_418117b71882]]></ToUserName>
    <FromUserName><![CDATA[o66VP5l4gAkI5AUWFXTw0fFyrDPI]]></FromUserName>
    <CreateTime>1744911769</CreateTime>
    <MsgType><![CDATA[text]]></MsgType>
    <Content><![CDATA[磨磨唧唧天天]]></Content>
    <MsgId>24981129500396302</MsgId>
    <Encrypt><![CDATA[9RfME+eQeD8k0mZZopVE3aMVEdQHu44AYdI35imH+BmrNrF5NMAAHDuBq/0rFpGLZpXQANydqLMn2nbnKioqDVLPFiYgZCTb/b2dSZkSEqVPipkgJW+3kbqAopm2yamM8qd23wRGaryNwTxsCxDYYTFEs6Q2c3aE9VbjDAgXNR/EpWHPr6hEswV97bzw3Acnp7qgD6GZppW0N7LU3xq34mBVDwlTLp4KjlfMxKoMWRWAE85nCXN7ehKC8NNn/hh94lMhTyPIYHugKMJ+Vi2DpgKJ+uc7i0VFedDd8cBgXVpVPBjILuqqN21vdK7rTUYaruwY5VDgHcRPjz2d//a5gJrbF1R5ukuB/XHE/XIN/Cdt07zdsDQ+y9WycIBhjmMto5h/QhTh9AXKjONaVLVe9eoZe77LRhLTXb1eTOMKsB8D3xrjYiGZASi09RMeZOsESbQQJXYTXTf2Vvff8HVMvA==]]></Encrypt>
</xml>

2025-04-18 01:43:06 - 收到请求:
<xml>
    <ToUserName><![CDATA[gh_418117b71882]]></ToUserName>
    <FromUserName><![CDATA[o66VP5l4gAkI5AUWFXTw0fFyrDPI]]></FromUserName>
    <CreateTime>1744911785</CreateTime>
    <MsgType><![CDATA[text]]></MsgType>
    <Content><![CDATA[哈哈哈，这样测试成功的朋友]]></Content>
    <MsgId>24981128886875676</MsgId>
    <Encrypt><![CDATA[jcEwu6czGKL5DQCk2bvgcBjz9zpoQVpf8UzVIgJhjBoLayBRBxnIdw3LjSos2nHvmsQKjlIOuTm6lGk9RE/XMb/3RlgRphFNlQ9szUpTqqvKGwQIEbKzGxXuuwb3mPcWK1kUkknSKxHA5Eb/FPg20UqgP/AJxiYHkoQy+/lYYhsxPnHQ7g5pBhChTb7hvLAyf+8z5N/sWlddtbrxasRqwy9b3vAf4bAdqQgRUtZ5HEuOoZNv44sVYRbvssUJY6WGLVevcqnQy/Y+1JskZf3XLI1rwXORp5Y7Kn2DCNzd87y6ZFnxWSMWrmDPnN7tnJTLdBNJzU8uFzzciDNkQ1zMJdZ/ZX3AfP4aocFiT0DCjyw8BM0V51cRxSFlGjxPVSvwBCPS24ekX5NzgQ6RHWIwga6P6IVwXuSdG7MkuzPcQ4C1uKGOf3uiGkKRayEhUzVgnqIG2F7SiM7QyNQ9IXQQxA==]]></Encrypt>
</xml>

2025-04-18 01:43:31 - 收到请求:
<xml>
    <ToUserName><![CDATA[gh_418117b71882]]></ToUserName>
    <FromUserName><![CDATA[o66VP5l4gAkI5AUWFXTw0fFyrDPI]]></FromUserName>
    <CreateTime>1744911809</CreateTime>
    <MsgType><![CDATA[image]]></MsgType>
    <PicUrl><![CDATA[http://mmbiz.qpic.cn/mmbiz_jpg/4mruicD4E4iaIAc9bYW0QgTATV8UqFerg9C4qFAeUxoDY9uiadonNmx9vx4npIk5b5rvaGyDibOw7qBlH1CUnWmkuw/0]]></PicUrl>
    <MsgId>24981131650921830</MsgId>
    <MediaId><![CDATA[39MVAD1N0sdI7YRFqw1LtE-4RwkIS0UJA_CC1gocNCLG8A3XBskAMR2pY3f1y1F9]]></MediaId>
    <Encrypt><![CDATA[EVzbdg9h9McjPPmYGf60zhGZ3Q0GTTgzPocz9d0lBWlKZ5e9sAXq1qYP82wyq1HybT+5OJyC7F3SMtV4iFG27uR8tj42mdCJnKSaCbd7NuKxBkzq436LI8qjBjKqA+OBNVzZC/WfVhYn4WbTsRAlg5G7fyoyf/2p50ISkUwY5xuLvI6kNtrY5Gg9Sn/A2uqXoNBVTN3BupCcaViE0QV3LmKijvC4qXdsD8DkmzrtlRAFuZvkhlWaDvlBnXmoHCeFGGP6t4ECT99zDYn+FeACjzQkzD3bGDdN8T2k7PX0/oqvNINd6XrDF3GKmS+kGwp/1c0lBQPJdHvI2zKejIZJ0Je/p0eZx/SXck30hvEPHnCAXiB8zXb5B0ywkDJ7V1DUewgqhsQP1/S0l0e9u7Gt5VPyWTCdxpIHnXtxqGsSGnUEXu56bMebKHcT5ux7rxnv3TB2pIRH8/K2Uibl2l9vwLf77QUjY39slSDv/8VUJvx3FB8NfzZyHyF9rAcc6TwPDBrFQkl7QGqQziak+AzLiQD4kGoU5KI5jeB0s6hjW/vnT2/9poOKrvm66J7/2k9ny4tr44EurhiOmXxekQ/4gB8Xwcj0394Eri3IxlOIHu1BaHr9dNyzZPnVFmOuyqpyBEFmaFGfG4ZHVB5q6ckZewPw9IQmmuK9k7ioZpIQKxLotL2D0OdtpejPkmOcjMnHBSjj3V/FZQpFd6Mp6cBuww==]]></Encrypt>
</xml>

2025-04-18 01:51:19 - 收到请求:
<xml>
    <ToUserName><![CDATA[gh_418117b71882]]></ToUserName>
    <FromUserName><![CDATA[o66VP5l4gAkI5AUWFXTw0fFyrDPI]]></FromUserName>
    <CreateTime>1744912278</CreateTime>
    <MsgType><![CDATA[text]]></MsgType>
    <Content><![CDATA[略略略略略弄]]></Content>
    <MsgId>24981138412084146</MsgId>
    <Encrypt><![CDATA[AF5vjV0DgCUZqimXa3AhjdS+u0T6TrOtKAQSqTRLN0WYWwtaNcbzoOAidIpn82jfqOydFox3M5GM7W5yO/TWsEtRrIaxdyPCmvfusz9jQCUhZ6j9jyQtlxxIpi8ZR0f9ps+Z0fK0Vi/YBmYXR3eVIOVqjreKSBRB2wqp4PxlvFs6obwhZ3F8NqP6tZcM8RUPDnaDqKR4ZTianZ0VJ1FDKlCMtVIJ5hBg97josH/crY2CxuHBo/Ysnc/8w9y/IeNYbpHnq2oQjaN5F52EFXaGf51V93DFIdYZDCFlk5dF10Y7u2TgMhoS0G1dZng872+hXu2sct+U2E5DQIQTtkQ58P+WbV59g+2ntxh+dCgQCFd5Eqp2/EAuRJCkGJPg9jml6Jxe77oMRcz1b2NZocRHv/DGvCLM2dx8v3XizD428efcyQ/drqyTisriMlqQuGHLkTjc9UaYyfXwmiTOmsIXxQ==]]></Encrypt>
</xml>

2025-04-18 01:51:31 - 收到请求:
<xml>
    <ToUserName><![CDATA[gh_418117b71882]]></ToUserName>
    <FromUserName><![CDATA[o66VP5l4gAkI5AUWFXTw0fFyrDPI]]></FromUserName>
    <CreateTime>1744912290</CreateTime>
    <MsgType><![CDATA[text]]></MsgType>
    <Content><![CDATA[咯模棱两可]]></Content>
    <MsgId>24981138386373396</MsgId>
    <Encrypt><![CDATA[EknVvkdqzsNhwZl7XjgCyY16JURL0gdRkdfaOpAkfnSXp5JKobtUkiHduB2hEF5moGcvxD1XElUIKhWQ4YI783EQN64aWZhNlmgYuJXtP9kYeiEt8O2vleWGxHrtEXTHy9ZUD3WC7t9wT7IZyNazYxFNFGA6cHdwII1JDr4YBNxDyaLbC6aK148ACl7ojfPuFKHi3bKvJLOxOThRs/p/9HtJ1LGRrOy3tR9pwRTCeBAcC0MA5uVOK6BbxnJ6hDBJ5fQkctkOU11zjiafKetP21fRDuRd5BtBLDvMi8YgmOXnRAKUbx+KiAG3mBkeaKRD75gIMGlxMdR/mKC8W8aXLGZXSp2Uq0VlnvN1hGp+STpjmu4JN5kv51i2hDKSaY5LHhlY/LrrRWSOTlF5zFxG2yrOCNX83/nO/kC62Oa8iV/94rI+PK7I1qK0DiwUn7mosNyK56Bp/4/2N1Uf0zk9Kg==]]></Encrypt>
</xml>

2025-04-18 01:53:37 - 收到请求:
<xml>
    <ToUserName><![CDATA[gh_418117b71882]]></ToUserName>
    <FromUserName><![CDATA[o66VP5l4gAkI5AUWFXTw0fFyrDPI]]></FromUserName>
    <CreateTime>1744912416</CreateTime>
    <MsgType><![CDATA[text]]></MsgType>
    <Content><![CDATA[来咯来咯来咯来咯]]></Content>
    <MsgId>24981137382688444</MsgId>
    <Encrypt><![CDATA[ESBJzeUniQpS6UzOffua88l66Jb5D87xfD0lKAXOmYPdgqAFtnMlOsNQ/MuzVO2sK4EswXfFKBAuHJwt29rdMMc0G/nvi1/ZoYBGRCT4PF+mD0yo6YI3T/oMqC6FgGmmBumVlBM/6crWkaQrvTCKct+NsSJfmk406zGp3X6x0CwpzY8TdCzN2lh4ktq43TEhkmjNXDl9/eN2rnlwre0CACMGvzebjQsZzb1ttVzprAmxyU5TL0gM5Z4ilVpfdssuI9x5wYcrOy9eBNuJ80bZwDfHNtUh5ChQr7tDHmb4IkMpBJQB0OaSCfyc6EEkLCHUILnkq42XeO3PI6NsYPH0gKG7m/L/kk5TlnyqLUwCneodMgexnesxZOUUw6SrDE5B9a0zMXZ9Ix7wO4VTgd+7txJK4qiJHICo/n8B6hHWg6NpwgMITAbDHKmSCnO48O9gFLMc3CbsqolENn+3UNx0Ag==]]></Encrypt>
</xml>

2025-04-18 01:56:11 - 收到请求:
<xml>
    <ToUserName><![CDATA[gh_418117b71882]]></ToUserName>
    <FromUserName><![CDATA[o66VP5l4gAkI5AUWFXTw0fFyrDPI]]></FromUserName>
    <CreateTime>1744912570</CreateTime>
    <MsgType><![CDATA[text]]></MsgType>
    <Content><![CDATA[浏览器无法自动播放声音]]></Content>
    <MsgId>24981143575393466</MsgId>
    <Encrypt><![CDATA[C+jBklfh4m0G5QaYwTRtvC2bewpOxFWdw9UgQiwv5W3ETtl7EzlRzCHNmDaU6c5tIzE024vdPqflP0sW22FUJXAdqttt9XN3Hh6Qtz3YvZ20jFoIm4aq3o5J4UPPgAUlmzHWrf/ND6aYtwfhIde9p157DJ6d742uKH3IRuQjEHOh0/jpv8iNPrpxf+4RQjt9KRHs8DrgjDNtuNGXvz1vDncSxAdgyUAUiLtj3SqCsxBb5ZMOv4iNqJjxQH/qdICqKyVZDcoUXycQQOA3eRuHzjzBN6Tjeklb2c8qImjnzhVuSL9GzSEybTxPweXYMq1HHc1a4qvRNb4cX5u7TU5iTO70qAR4TXbEYEjhyyjEZ1iEk4ac5rIt8CJSKQSctuogPXOOq2i+LYUDuwnGbSgbPDBkpvU7TRSzPOoysq9EfC2LAr21VVqMa7S4oNpOeEyLvd5nwC49/X/Lpfn016i11A==]]></Encrypt>
</xml>

2025-04-18 01:56:34 - 收到请求:
<xml>
    <ToUserName><![CDATA[gh_418117b71882]]></ToUserName>
    <FromUserName><![CDATA[o66VP5l4gAkI5AUWFXTw0fFyrDPI]]></FromUserName>
    <CreateTime>1744912593</CreateTime>
    <MsgType><![CDATA[text]]></MsgType>
    <Content><![CDATA[咋样了]]></Content>
    <MsgId>24981143195367582</MsgId>
    <Encrypt><![CDATA[D5Of6NFpzdZF74y61XLKpA09yacB0zYhDx6N/OaMqDfhbtvq1AXQAl8GWJD9W3aKAr2TApRVD1C0VwQnAzFJA2TqpH53X8K/qheMuK2fpp7f8mP2Y5dNPqWN8+4oxLB3kQ72u+INuC2S1lE2yQmcT1ovijTYN7HvTCz6BgtCamo2j6XWdGp4+CuodixYO572iBraDHFm9s/3l6hbdwbcBMdG5waujSB2i7MAnmW3DQkcdWtD95+6TiOXqKvIIjluzVtn0dox2paEeT4TTf8WXiFfBoFdJ/cbtr4k1NqkJsPU2HwombSgVO1eR6+Z9/UedFj18ZE6U40wzyUYTydyquZsiRRlo1TCt1AnLsCpFgGW4pto5jgRGuGbfkRYFnMlCIqXj8zL8aKb4kkjqL/XcBub3+O6ttedEO54qxXGNGg=]]></Encrypt>
</xml>

2025-04-18 02:06:07 - 收到请求:
<xml>
    <ToUserName><![CDATA[gh_418117b71882]]></ToUserName>
    <FromUserName><![CDATA[o66VP5l4gAkI5AUWFXTw0fFyrDPI]]></FromUserName>
    <CreateTime>1744913166</CreateTime>
    <MsgType><![CDATA[text]]></MsgType>
    <Content><![CDATA[磨磨唧唧了]]></Content>
    <MsgId>24981153060615404</MsgId>
    <Encrypt><![CDATA[yc62igKTP98yhjJfVnTXlGudkVkmMjUGde+a+G1pp4nMvUIlvad/W86W1vBqgZPootFbv/nYCJJLIGosY2gNPLo10zUkDntOyPKoL9QnzUDwMZvIahfEAEJRquq+FIG9kiC9evu3QOLAaj2+sM9sPKPMAgy+Cf2vMaUHrkBoCSxz00dHBjym94lEv7iZ6IR/X9uGZd2KdoAI0YcyqsVlDnXlKV3gc4XjM39vJFLNaoPD+En+UPZF/14wFDStxigudxd/8Buuovh2MqZmfjHP4QXS4hMvr3EGPw3aMVajukfGMvvFCfDAaCoxpoV5jyPXlk1a+BoQG6alG7rMw7fm7PxKu+MS9wf7qi6LeLyzcZeSyCWUmv0eTeTP/jmS3cLbQPCOy1WGTiLB0MCmbSnHttqCTJ+YPzfddeeQOdzPSrQxrv6oSbIyzL/AMEbOm8mUa3HAJv9NDxFzfy5VS0QwtA==]]></Encrypt>
</xml>

2025-04-18 02:08:11 - 收到请求:
<xml>
    <ToUserName><![CDATA[gh_418117b71882]]></ToUserName>
    <FromUserName><![CDATA[o66VP5l4gAkI5AUWFXTw0fFyrDPI]]></FromUserName>
    <CreateTime>1744913291</CreateTime>
    <MsgType><![CDATA[text]]></MsgType>
    <Content><![CDATA[邻居]]></Content>
    <MsgId>24981149685327561</MsgId>
    <Encrypt><![CDATA[IEVhX/UwVvcC8W6rtUEL/mh7vqSaEfO7s5LW2nEU2EnEh/LfdQ6qtZeH7QTO6fRdDc5lfdDbk5s1CecSB5Wd0LLho0j4J6qEOGBfrLSXtnDJBxgG+Wr9csKL26dBtSpBMlRiT8weefvsHiskXXEBLU4UaPcQz17KJomFXNTw/Zh68XwTnnoxGds299iah6IXajMDhYzPWOkDYEKfs6VdNifX5KywTAHFdFRG8NVBN89q53l9iNqet1DgSkRyRWbGcMweTTiMp7eT2byW7iHC2aDBiFE6UcP+uksomrtkBbXvWJ1V4eeVUQbePJaWyLVtZem2GKdNRimmT6jNJ2ziCC+hh6kXa69NEUqvF1uGHsuE4Qw6EqDXiVAb94PkExyqzw+pr3D7CoadGT4//iLf6Fy2Vzyilbf4JhXrPU8fAwg=]]></Encrypt>
</xml>

2025-04-18 14:22:38 - 收到请求:
<xml>
    <ToUserName><![CDATA[gh_418117b71882]]></ToUserName>
    <FromUserName><![CDATA[o66VP5l8tiYy8VZtAYA3pl6gLexk]]></FromUserName>
    <CreateTime>1744957358</CreateTime>
    <MsgType><![CDATA[event]]></MsgType>
    <Event><![CDATA[subscribe]]></Event>
    <EventKey><![CDATA[]]></EventKey>
    <Encrypt><![CDATA[63ZMtXAuzHG9BsGm3KdpDMoZ2HCFjXbo90yBCUHo3TJ2sVw80pAkCgbLlSwrlHHXtKf/eKiq1n90vwjJyHS+tko18q2PuD1Ti9oIiGR2UdcNhUInvUuUP2qhf+8iI2Tm1PLCJuDgT9mwvGaQIj3CoMCLyuTVPAiXUqy7wj+vbgcul6CKAxbhrELwcsXmMPwUybhLgCmSsFwNsRcHgMzxgCjEOfl3N451bdGcwNMes1Qzl5QUMCdifUglL+EJFfltQ77UHqcqovgcw10+u5B3PfH9e9tjZLMXmPH+5bOW6O3ks+/84zCpsUKX/Fw42jqyTn6EB7rg940rxkd5WIHnAgTUiv4/JgAtZexKtCMjrGfLjyn/6MlCQF2sJnCqPpwhgFNtlmUBWqH/9fhy1djAnm2UKDSr4iDCfymD0UP6JwE=]]></Encrypt>
</xml>

2025-04-18 14:54:43 - 收到请求:
<xml>
    <ToUserName><![CDATA[gh_418117b71882]]></ToUserName>
    <FromUserName><![CDATA[o66VP5jYxzIVP13RigcrTX5QLbMA]]></FromUserName>
    <CreateTime>1744959283</CreateTime>
    <MsgType><![CDATA[event]]></MsgType>
    <Event><![CDATA[subscribe]]></Event>
    <EventKey><![CDATA[]]></EventKey>
    <Encrypt><![CDATA[HzfUk5b9D2pdsYODcDQW1IpDvvcatRkQF4snKPpvEecbdVqvQ5km27hR0Q/VhC8AAVbcFaQs57VclwTBSVvhpvYvwIprE9/0B5J8seS5bAZbM7iEKB91BtruQKsYp0vfMFn8inTVJ8TrRKnfNEWUFy7xCYRWwGBEt4qIhMyG3taX5O2Wd4iwGng26RqF+cS9ryv97lGbUkbHW8cpJyjDKzY9JftZzwNck3h87V1v/aBosBEXRJe5qMpn7spT60FtxqRsm07KDpc7B9TOaQ0WLX4gAKfRU7nD3smN+otlMZduJOb39SG/oJBmVmhVW37gP+nUB7XTJeySVZnTvgnwCBausAHc+Im5cxIb5AH2e0IDwAGMDRBj+ygOQIJgEaljVIjoe2EoGemP0eF+XncQmZjsU1x8BTEQ8iQyVib4c+w=]]></Encrypt>
</xml>

2025-04-18 14:58:56 - 收到请求:
<xml>
    <ToUserName><![CDATA[gh_418117b71882]]></ToUserName>
    <FromUserName><![CDATA[o66VP5iCYbbJtmmYQKUOd2awRiCQ]]></FromUserName>
    <CreateTime>1744959536</CreateTime>
    <MsgType><![CDATA[event]]></MsgType>
    <Event><![CDATA[subscribe]]></Event>
    <EventKey><![CDATA[]]></EventKey>
    <Encrypt><![CDATA[jtUuSN8lXj6WNxU2h1rg5q8V0PFVhU8Ol3EmbdI5AiWXOxt4eRWNp28ucRQFaXHCYu8dlTOc81fz3lqy1mZhdlt2hBrmUY7s8IOGckJAaYnhCfQ5dm62TvHyvpj4EVQMxSHTMTWxpXnc2mVEJhMt+MfRlKPB7wbs0VAZporZG8490T4VikynGPNWz6c6CQmzvsE6jjYr0EbuKv3svrviVE1lDKwhHA4Euh8yH9HkslKJZ7tGLS8evbtKmQN97NAKmxa2eogTPMiCMiiOvVczSafk9AHYYsPFMh5zROuq+Zp7naCCQoZVQutnC90siGEtsHxjvGctfbO8rJccX2gxx0CBiSL72JqPIcwqmX9+QVQ5jCQ9ToeMq1DZJbkILbw9KKnkzt8T9rU15M1gKxp3iHFCs0R0rtuVy6dN/o3CBIo=]]></Encrypt>
</xml>

2025-04-18 22:08:31 - 收到请求:
<xml>
    <ToUserName><![CDATA[gh_418117b71882]]></ToUserName>
    <FromUserName><![CDATA[o66VP5hObTYgiyRBWq3_8FiQa71k]]></FromUserName>
    <CreateTime>1744985311</CreateTime>
    <MsgType><![CDATA[event]]></MsgType>
    <Event><![CDATA[subscribe]]></Event>
    <EventKey><![CDATA[]]></EventKey>
    <Encrypt><![CDATA[FR57SL7Wvmh6KbUZGNM6SS/OF+hdEwZ3h4Sn840v8dD2jZMfNxh2PhhJyP7mi36U8Hzmmy7q8f6Q+GZIIrQkBcyP64pNjmrFivh7lrg8y6ktK9a16pI+R0qfL00lB/M3C7wAEM5DjLEavatLLNqVcktTr1uhdZm38ob75uqLxXZmAvne6froi1ODiJtKzCo9c8a/ooNCpj5TZvr9kDK9imQPcbHrkca3sjQbsvc9FECOimtkFutaBH+Os8dnRcUH42YPZPSwyn9c+wPWJ3jPK0awHcq/pKNtI5KEG5DTlBDvqFeyvu6ivPOsN/ZbNzEbQYcRLZTIfE0xzbqSQFLcH+mz9RPxZ9DOqzvn32/M91IFzcppqsIWt0gpa82TF4OL17+QqpyHcztoEq/PuZW5/wF8wDKMQG6qV6jQWoBFB2k=]]></Encrypt>
</xml>

2025-04-18 22:55:36 - 收到请求:
<xml>
    <ToUserName><![CDATA[gh_418117b71882]]></ToUserName>
    <FromUserName><![CDATA[o66VP5r4cQldK6Si9Hz0R-bQuVjw]]></FromUserName>
    <CreateTime>1744988135</CreateTime>
    <MsgType><![CDATA[event]]></MsgType>
    <Event><![CDATA[subscribe]]></Event>
    <EventKey><![CDATA[]]></EventKey>
    <Encrypt><![CDATA[UoMQKL3PdNgUvQCQGPrTGiaLnrTz+KJS5wvbopedDQ21XjkihjESLbvygT337tW5ZtPZTgkKorVg6F+AVLR3TJ3n3k9Q+OLARbpeOKWdgaQnzORbdfQPgxn/jATJ2akn5tdKYp7Y/AyM1tQjNp0/RHzK3b7hqvNrdDGIbJ+GQwYIdsz+AE8NTtDgbiOvPLa/JJ60h/WNTC3pHIgTN92d06UqieSeKbQIpm9Arleh2gr+9JFnOAQmWVgsHbqB2IE8Y59Z3I8yaojqgkgx30xvpqAbpbeAcg2cdpi6aZE9sGuiaiox2HwQpS2tr2H5KBlrx55Ze9isNmhiFaqwIYGeRyp7foj+msZPFe1HvEOc+WTyeIYy8I7vvPY0TW6LkkIswhXm3sdLMhMbhDdYKcwaskHHHKHP/O3DAQI5WoqK6+I=]]></Encrypt>
</xml>

2025-04-18 22:55:48 - 收到请求:
<xml>
    <ToUserName><![CDATA[gh_418117b71882]]></ToUserName>
    <FromUserName><![CDATA[o66VP5r4cQldK6Si9Hz0R-bQuVjw]]></FromUserName>
    <CreateTime>1744988147</CreateTime>
    <MsgType><![CDATA[text]]></MsgType>
    <Content><![CDATA[加群]]></Content>
    <MsgId>24982223965473056</MsgId>
    <Encrypt><![CDATA[OYh0d/bIA5ZKomfYmA+KPlGCLjWNnmY4JKIejmoF5VMRfxrBm/D6fLTBDlWuSp8tlN7BT1qbcO0a8mon49mimZcqooEL7nfLSmkdAYbXS6ISqSsnfnqQn85JkTZqakG+qIflHkFOzaIQc4EDBOkQS3EbWT23Gh1aePqYYx8n9RwWqQEMgjFf68RMauApUU8BK4lkLKE6aDEUds0I//QUcLwSC2D5oGwCsavcAvZyQue+XTdyUIZx55qv29LZbTJ81M2dDFrAMEASnwAY8xceoEVRArV3Zpunb6hu3M368uigAzvgGNTn74KMPXmZGRFr7RLSagEoGBBhwkwWpwYb8teU71WsBynmpolesGUBDUIjbH8YYZaxfXPkSgnSUvU9G6TpnkAFOhO5f6PKRlyW0KBgBzbErcHzbsPo8dYq31U=]]></Encrypt>
</xml>

2025-04-19 08:56:16 - 收到请求:
<xml>
    <ToUserName><![CDATA[gh_418117b71882]]></ToUserName>
    <FromUserName><![CDATA[o66VP5pyYlkHbnl6rCAZSVW18XhQ]]></FromUserName>
    <CreateTime>1745024176</CreateTime>
    <MsgType><![CDATA[event]]></MsgType>
    <Event><![CDATA[subscribe]]></Event>
    <EventKey><![CDATA[]]></EventKey>
    <Encrypt><![CDATA[/A2KnAW+UrQhMaixYF2WGNNFWHtX8APb9jQ9em18cjoKinyD2s3jZ/IogsZfH6mrlWhyUiI9qqSA2MeUoFc6DHrfeuKT8FRPclOZRQDPqdtPvlv3KNZC4tN94ZvnmOwwIKQqtYMWR3XFkMim46R/PGcyv941s4xJMATRM5p7opnzduhZLmMT2vSWxjzAaBWj36QkBCRqo203Ut9t5G+tRPJ6+iy9Yh1tsXRDTErNOHabuRQuhg4IlOIxAnCIhvhfG/YuXsZgmBGOOzdB/+gT3+3cuYcOyeQMrfZIZKVNW20JqyawechwT++lH+0ooXraGJA1HzI5x3uouf1j2fzhkAwZzDIQiFrHvDlMET4GpG/LicNa8cuaCSwSxSK+ir0vESGCaUf26s4TQP7DhNjZYf2Ew+lo1grn7HCVhQGZmfk=]]></Encrypt>
</xml>

2025-04-19 11:41:02 - 收到请求:
<xml>
    <ToUserName><![CDATA[gh_418117b71882]]></ToUserName>
    <FromUserName><![CDATA[o66VP5nzJkx2IM3-jZT0vGOePBYY]]></FromUserName>
    <CreateTime>1745034062</CreateTime>
    <MsgType><![CDATA[event]]></MsgType>
    <Event><![CDATA[subscribe]]></Event>
    <EventKey><![CDATA[]]></EventKey>
    <Encrypt><![CDATA[1SeJKIiDjd49WdxQw7orAJR23hWsYUeIAWyAWUVJQyn1hx7K0Tt7Y/bW1znKsct+PJiQR2kjMLq5f5ntjGeANkkL5/iDe4eESLfnp/NIQOuhm+GdZyPl2A4cI9+JrDThWYrUco7cf6MbOBKywbZYKWdkN0ZxO0Z7DkR7aUmkBF9f2hslSfNd3NEn163tPl4iU33YA4SMt91y//u3QqGjO42FL6DWGgkeyQ93CnnBKYnxRrFOFAu314YXiTX6ZF451e30XLUFLg9h8AXbfO6LQHKlTIxqwyZzZbek6K6OM+6qZMXBshHPqO5/T9pcCJWpi1kg8B0TJPp/BINVpp8WyH/BEHs1NO8w/Gkw13dcrcQ7k5YhKdr4f+3TQHtyQuR9Sb3YtFPzzSRw2HJdVjZQiHsvMGjyUmQSxiBw9qQQ7Rs=]]></Encrypt>
</xml>

2025-04-19 13:43:54 - 收到请求:
<xml>
    <ToUserName><![CDATA[gh_418117b71882]]></ToUserName>
    <FromUserName><![CDATA[o66VP5oJa5DyJoebO0mgDiJIEiI0]]></FromUserName>
    <CreateTime>1745041434</CreateTime>
    <MsgType><![CDATA[event]]></MsgType>
    <Event><![CDATA[subscribe]]></Event>
    <EventKey><![CDATA[]]></EventKey>
    <Encrypt><![CDATA[6WDkoVsd0oJoTLmGDuS1pDV/EjeAG5Hs4r4vRYdlGrV+HAbR8qi4Fs+Q9JWSzS6l7aCRet+I/GDt+Y5Hm9loSAPRnwqtEjYNU9o/5sVWqStOFaRBBsfvyIu+RP5yIts/2kIr/FbWo9B5q3ubEnzHwFPRSgLMAMLNsAKPveaGhvtw8lBP9vG7tnIjaXAwTPYpNc/0Yx5F7g0IritF7+/WAWziMtUklC4IU9dPzzsgaL0g2Sv5XVYp75sFVSd44bEvNa4egWUDwFvg0cjlvRx+uTUCYKZsKur54TgIJPeaLLH1t39jOG0OT2dkJAmG4yqTTwichIQt+0v5pjAQI0Ly5QrZ2lZYXcJQkZLGs6vwsdxgWtbZllhBlCD+GGOSwek/L2I4PzV8C3Fy0iW7+CS6LQ3uJRDYmAVruxdr4Q8fMio=]]></Encrypt>
</xml>

2025-04-19 15:18:07 - 收到请求:
<xml>
    <ToUserName><![CDATA[gh_418117b71882]]></ToUserName>
    <FromUserName><![CDATA[o66VP5ueLw9KPN0IKnuu5Vc_InS8]]></FromUserName>
    <CreateTime>1745047086</CreateTime>
    <MsgType><![CDATA[event]]></MsgType>
    <Event><![CDATA[subscribe]]></Event>
    <EventKey><![CDATA[]]></EventKey>
    <Encrypt><![CDATA[JsribRoUnSwOXyflA5X5gAMpt2hf1n4CBJ1s7C5/Zb/NZXQDMWN5aeJtgUzpQz7MTyaWn1OQSEVMIFQlk2dspl5pz8la3DqTi5NIwVdQoRjzUL1I+YpFfS9SyLSOu55os7KfJ4H+KUxDWWcQHUX1fUN+1kDvBufUK5Kn+Wnt2vRDfGlnknxSu6NNewtWZmjIoQWP1EYoraxKBCiNWi5KzAGOGp2Z8IJ78Zsn1BXsTrrEfN3djFc7tGVUCokCUGwASMUhFsBaQANY4lFn0Tix/NrlEh7kf7w4QL0WhWUzMdCexG+xIqKYnEZArGUd3nHMxr6ilil8jKPp5W5cha62XEChHnZXRfjvAH4a1ADdLNe85CRVLEWg+1TMuuOQ4EKncucY0X/CxMe24QwD7W/FMiRMdKdn2ib1KK0CULfHSVw=]]></Encrypt>
</xml>

2025-04-19 15:18:10 - 收到请求:
<xml>
    <ToUserName><![CDATA[gh_418117b71882]]></ToUserName>
    <FromUserName><![CDATA[o66VP5ueLw9KPN0IKnuu5Vc_InS8]]></FromUserName>
    <CreateTime>1745047090</CreateTime>
    <MsgType><![CDATA[event]]></MsgType>
    <Event><![CDATA[unsubscribe]]></Event>
    <EventKey><![CDATA[]]></EventKey>
    <Encrypt><![CDATA[3yUDwTgVKOsKQ2mVW5DKoAt0h19/vGXOyubya/vsXRzUf/wvVEp8+WPYr9bifGE/buZLuENI8OraHa5PMPxsraZQ5yvSKEq5GvBAt3KsYO4zxIhnjxBzbk9yl1yQA/4ZUskDydDpb3vFt3YHsdW7wBeRSu3yPKs8kYDEhFeU27nrQiO2UG2JrInMRkCzEFiGeY8MV+AIDPUjlOcXKxpyNHBovaj/21zfFIjgumx4QLF7rKSUWhH+2I4WcIevWrw/6TUH1s2cwkuWSi37MwG5cZLJGdVUi2C6KB0ujZRmfzQ+VOBEzSyzGsiEgd69UgVMndtfk1e6m1Ui9R6RPXteKwCKG7Wh1SuPeZSlILpJecL+uLhOln7DCTb9IHFb0SXp0dokjxX6hnRfHMoTv/H31f4J1yNNxie57FQwXKq+yO8=]]></Encrypt>
</xml>

2025-04-19 16:11:37 - 收到请求:
<xml>
    <ToUserName><![CDATA[gh_418117b71882]]></ToUserName>
    <FromUserName><![CDATA[o66VP5u21dsQQ0_c2kS3OMMsIO-8]]></FromUserName>
    <CreateTime>1745050297</CreateTime>
    <MsgType><![CDATA[event]]></MsgType>
    <Event><![CDATA[subscribe]]></Event>
    <EventKey><![CDATA[]]></EventKey>
    <Encrypt><![CDATA[fFemHQIcKrKfwpTkCt8fNsNqJGK76KgrZtrZBZFNnJYCk0c5p98pMroAKa7FSE1gR8HoqjDjPKTsVOKnZOAWv/JmBrBif3iJabQfA94NK4qLposvyeQtl+qX421k4G24e6geDHllBE2WFnz1h79dU0Me4AIRMAspXYzmtSJw2B8nIRPr15rJw4o+0ZpfEM1+F63y4dgc8+d/eLuEmXdJKluhcDYPtkDtX6wRY8VTF7OresGsDTZlM4M0SFDOuW46MnRCZDVKbDyKlIYc9IUnLgkGZxLDh9hZJDQBn+VagrK4YGNXMyDFtiXDTxIisJlBrJnpD/XlJc0rcoJCcA4Gw9/di5Gl/PqXhL+TGvo7vIWzAtNMQCq0PxvfJommnfgGujdXibl+/NjiO8fw5MtpqRizm+5mhEs00gT8/nC6Fo8=]]></Encrypt>
</xml>

